
BlitFirm.elf:     file format elf32-avr


Disassembly of section .text:

00000000 <__vectors>:
   0:	19 c0       	rjmp	.+50     	; 0x34 <__ctors_end>
   2:	28 c0       	rjmp	.+80     	; 0x54 <__bad_interrupt>
   4:	27 c0       	rjmp	.+78     	; 0x54 <__bad_interrupt>
   6:	26 c0       	rjmp	.+76     	; 0x54 <__bad_interrupt>
   8:	25 c0       	rjmp	.+74     	; 0x54 <__bad_interrupt>
   a:	24 c0       	rjmp	.+72     	; 0x54 <__bad_interrupt>
   c:	23 c0       	rjmp	.+70     	; 0x54 <__bad_interrupt>
   e:	22 c0       	rjmp	.+68     	; 0x54 <__bad_interrupt>
  10:	21 c0       	rjmp	.+66     	; 0x54 <__bad_interrupt>
  12:	20 c0       	rjmp	.+64     	; 0x54 <__bad_interrupt>
  14:	1f c0       	rjmp	.+62     	; 0x54 <__bad_interrupt>
  16:	1e c0       	rjmp	.+60     	; 0x54 <__bad_interrupt>
  18:	1d c0       	rjmp	.+58     	; 0x54 <__bad_interrupt>
  1a:	1c c0       	rjmp	.+56     	; 0x54 <__bad_interrupt>
  1c:	1b c0       	rjmp	.+54     	; 0x54 <__bad_interrupt>
  1e:	1a c0       	rjmp	.+52     	; 0x54 <__bad_interrupt>
  20:	19 c0       	rjmp	.+50     	; 0x54 <__bad_interrupt>
  22:	18 c0       	rjmp	.+48     	; 0x54 <__bad_interrupt>
  24:	17 c0       	rjmp	.+46     	; 0x54 <__bad_interrupt>
  26:	16 c0       	rjmp	.+44     	; 0x54 <__bad_interrupt>
  28:	15 c0       	rjmp	.+42     	; 0x54 <__bad_interrupt>
  2a:	14 c0       	rjmp	.+40     	; 0x54 <__bad_interrupt>
  2c:	13 c0       	rjmp	.+38     	; 0x54 <__bad_interrupt>
  2e:	12 c0       	rjmp	.+36     	; 0x54 <__bad_interrupt>
  30:	11 c0       	rjmp	.+34     	; 0x54 <__bad_interrupt>
  32:	10 c0       	rjmp	.+32     	; 0x54 <__bad_interrupt>

00000034 <__ctors_end>:
  34:	11 24       	eor	r1, r1
  36:	1f be       	out	0x3f, r1	; 63
  38:	cf ef       	ldi	r28, 0xFF	; 255
  3a:	d2 e0       	ldi	r29, 0x02	; 2
  3c:	de bf       	out	0x3e, r29	; 62
  3e:	cd bf       	out	0x3d, r28	; 61

00000040 <__do_clear_bss>:
  40:	11 e0       	ldi	r17, 0x01	; 1
  42:	a0 e0       	ldi	r26, 0x00	; 0
  44:	b1 e0       	ldi	r27, 0x01	; 1
  46:	01 c0       	rjmp	.+2      	; 0x4a <.do_clear_bss_start>

00000048 <.do_clear_bss_loop>:
  48:	1d 92       	st	X+, r1

0000004a <.do_clear_bss_start>:
  4a:	ac 3b       	cpi	r26, 0xBC	; 188
  4c:	b1 07       	cpc	r27, r17
  4e:	e1 f7       	brne	.-8      	; 0x48 <.do_clear_bss_loop>
  50:	ae d0       	rcall	.+348    	; 0x1ae <main>
  52:	be c0       	rjmp	.+380    	; 0x1d0 <_exit>

00000054 <__bad_interrupt>:
  54:	d5 cf       	rjmp	.-86     	; 0x0 <__vectors>

00000056 <BlitQuickShift>:
  56:	90 e8       	ldi	r25, 0x80	; 128
  58:	82 fd       	sbrc	r24, 2
  5a:	98 e0       	ldi	r25, 0x08	; 8
  5c:	81 ff       	sbrs	r24, 1
  5e:	02 c0       	rjmp	.+4      	; 0x64 <BlitQuickShift01>
  60:	96 95       	lsr	r25
  62:	96 95       	lsr	r25

00000064 <BlitQuickShift01>:
  64:	80 fd       	sbrc	r24, 0
  66:	96 95       	lsr	r25
  68:	08 95       	ret

0000006a <BlitTileCalc>:
  6a:	98 e0       	ldi	r25, 0x08	; 8
  6c:	89 9f       	mul	r24, r25
  6e:	80 e4       	ldi	r24, 0x40	; 64
  70:	92 e0       	ldi	r25, 0x02	; 2
  72:	80 0d       	add	r24, r0
  74:	91 1d       	adc	r25, r1
  76:	11 24       	eor	r1, r1
  78:	08 95       	ret

0000007a <BlitSramAddr>:
  7a:	78 2f       	mov	r23, r24
  7c:	88 7f       	andi	r24, 0xF8	; 248
  7e:	96 2f       	mov	r25, r22
  80:	97 70       	andi	r25, 0x07	; 7
  82:	89 0f       	add	r24, r25
  84:	99 27       	eor	r25, r25
  86:	80 58       	subi	r24, 0x80	; 128
  88:	9c 41       	sbci	r25, 0x1C	; 28
  8a:	44 e1       	ldi	r20, 0x14	; 20
  8c:	68 7f       	andi	r22, 0xF8	; 248
  8e:	64 9f       	mul	r22, r20
  90:	80 0d       	add	r24, r0
  92:	91 1d       	adc	r25, r1
  94:	11 24       	eor	r1, r1
  96:	08 95       	ret

00000098 <BlitTile>:
  98:	67 9f       	mul	r22, r23
  9a:	9c 01       	movw	r18, r24
  9c:	ca 01       	movw	r24, r20
  9e:	a0 01       	movw	r20, r0
  a0:	e4 df       	rcall	.-56     	; 0x6a <BlitTileCalc>
  a2:	bc 01       	movw	r22, r24
  a4:	c9 01       	movw	r24, r18
  a6:	08 95       	ret

000000a8 <BlitClip>:
  a8:	80 93 b7 01 	sts	0x01B7, r24
  ac:	60 93 b8 01 	sts	0x01B8, r22
  b0:	80 91 aa 01 	lds	r24, 0x01AA
  b4:	80 93 b6 01 	sts	0x01B6, r24
  b8:	80 91 a8 01 	lds	r24, 0x01A8
  bc:	80 93 a9 01 	sts	0x01A9, r24
  c0:	08 95       	ret

000000c2 <BltTopStrip>:
  c2:	78 2c       	mov	r7, r8
  c4:	d0 2e       	mov	r13, r16
  c6:	0a c0       	rjmp	.+20     	; 0xdc <BltTopStrip12>

000000c8 <BltTopStrip10>:
  c8:	07 e0       	ldi	r16, 0x07	; 7
  ca:	a0 2e       	mov	r10, r16

000000cc <BltTopStrip11>:
  cc:	0d b5       	in	r16, 0x2d	; 45
  ce:	07 ff       	sbrs	r16, 7
  d0:	fd cf       	rjmp	.-6      	; 0xcc <BltTopStrip11>
  d2:	0e b5       	in	r16, 0x2e	; 46
  d4:	0e bd       	out	0x2e, r16	; 46
  d6:	0c 93       	st	X, r16
  d8:	21 96       	adiw	r28, 0x01	; 1
  da:	aa 94       	dec	r10

000000dc <BltTopStrip12>:
  dc:	ab 14       	cp	r10, r11
  de:	b4 f3       	brlt	.-20     	; 0xcc <BltTopStrip11>

000000e0 <BltTopStrip13>:
  e0:	0d b5       	in	r16, 0x2d	; 45
  e2:	07 ff       	sbrs	r16, 7
  e4:	fd cf       	rjmp	.-6      	; 0xe0 <BltTopStrip13>
  e6:	0e b5       	in	r16, 0x2e	; 46
  e8:	0e bd       	out	0x2e, r16	; 46
  ea:	18 85       	ldd	r17, Y+8	; 0x08
  ec:	16 9d       	mul	r17, r6
  ee:	1d 20       	and	r1, r13
  f0:	01 25       	eor	r16, r1
  f2:	18 81       	ld	r17, Y
  f4:	16 9d       	mul	r17, r6
  f6:	0d 20       	and	r0, r13
  f8:	00 25       	eor	r16, r0

000000fa <BltTopStrip14>:
  fa:	0d 93       	st	X+, r16
  fc:	21 96       	adiw	r28, 0x01	; 1

000000fe <BltTopStrip15>:
  fe:	aa 94       	dec	r10
 100:	7a f3       	brmi	.-34     	; 0xe0 <BltTopStrip13>
 102:	de 2c       	mov	r13, r14
 104:	7a 94       	dec	r7
 106:	02 f7       	brpl	.-64     	; 0xc8 <BltTopStrip10>
 108:	df 2c       	mov	r13, r15
 10a:	f1 f2       	breq	.-68     	; 0xc8 <BltTopStrip10>
 10c:	cc 19       	sub	r28, r12
 10e:	c5 09       	sbc	r28, r5
 110:	9a 94       	dec	r9
 112:	08 95       	ret

00000114 <BltMidStrip>:
 114:	9a 94       	dec	r9

00000116 <BltBotStrip>:
 116:	08 95       	ret

00000118 <BlitBlt>:
 118:	5f 92       	push	r5
 11a:	6f 92       	push	r6
 11c:	7f 92       	push	r7
 11e:	8f 92       	push	r8
 120:	9f 92       	push	r9
 122:	af 92       	push	r10
 124:	bf 92       	push	r11
 126:	cf 92       	push	r12
 128:	df 92       	push	r13
 12a:	ef 92       	push	r14
 12c:	ff 92       	push	r15
 12e:	cf 93       	push	r28
 130:	df 93       	push	r29
 132:	55 24       	eor	r5, r5
 134:	c7 2e       	mov	r12, r23
 136:	cc 0c       	add	r12, r12
 138:	cc 0c       	add	r12, r12
 13a:	cc 0c       	add	r12, r12
 13c:	c7 1a       	sub	r12, r23
 13e:	95 df       	rcall	.-214    	; 0x6a <BlitTileCalc>
 140:	ec 01       	movw	r28, r24
 142:	80 91 aa 01 	lds	r24, 0x01AA
 146:	87 70       	andi	r24, 0x07	; 7
 148:	09 f4       	brne	.+2      	; 0x14c <BlitBlt10>
 14a:	73 95       	inc	r23

0000014c <BlitBlt10>:
 14c:	84 df       	rcall	.-248    	; 0x56 <BlitQuickShift>
 14e:	88 0f       	add	r24, r24
 150:	99 1f       	adc	r25, r25
 152:	86 2b       	or	r24, r22
 154:	68 2e       	mov	r6, r24
 156:	80 91 a8 01 	lds	r24, 0x01A8
 15a:	87 70       	andi	r24, 0x07	; 7
 15c:	09 f4       	brne	.+2      	; 0x160 <BlitBlt14>
 15e:	63 95       	inc	r22

00000160 <BlitBlt14>:
 160:	97 e0       	ldi	r25, 0x07	; 7
 162:	98 1b       	sub	r25, r24
 164:	b9 2e       	mov	r11, r25
 166:	4b 01       	movw	r8, r22
 168:	83 e3       	ldi	r24, 0x33	; 51
 16a:	87 1b       	sub	r24, r23
 16c:	7e df       	rcall	.-260    	; 0x6a <BlitTileCalc>
 16e:	dc 01       	movw	r26, r24
 170:	80 91 aa 01 	lds	r24, 0x01AA
 174:	99 27       	eor	r25, r25
 176:	60 91 a8 01 	lds	r22, 0x01A8
 17a:	77 27       	eor	r23, r23
 17c:	7e df       	rcall	.-260    	; 0x7a <BlitSramAddr>
 17e:	0f ef       	ldi	r16, 0xFF	; 255
 180:	e0 2e       	mov	r14, r16
 182:	f0 2e       	mov	r15, r16
 184:	df 91       	pop	r29
 186:	cf 91       	pop	r28
 188:	ff 90       	pop	r15
 18a:	ef 90       	pop	r14
 18c:	df 90       	pop	r13
 18e:	cf 90       	pop	r12
 190:	bf 90       	pop	r11
 192:	af 90       	pop	r10
 194:	9f 90       	pop	r9
 196:	8f 90       	pop	r8
 198:	7f 90       	pop	r7
 19a:	6f 90       	pop	r6
 19c:	5f 90       	pop	r5
 19e:	08 95       	ret

000001a0 <Blit2Blt>:
 1a0:	08 95       	ret

000001a2 <BlitBlts>:
 1a2:	08 95       	ret

000001a4 <Dump>:
 1a4:	90 93 bb 01 	sts	0x01BB, r25
 1a8:	80 93 ba 01 	sts	0x01BA, r24
 1ac:	08 95       	ret

000001ae <main>:
 1ae:	1f 93       	push	r17
 1b0:	10 e0       	ldi	r17, 0x00	; 0
 1b2:	81 2f       	mov	r24, r17
 1b4:	50 df       	rcall	.-352    	; 0x56 <BlitQuickShift>
 1b6:	f6 df       	rcall	.-20     	; 0x1a4 <Dump>
 1b8:	1f 5f       	subi	r17, 0xFF	; 255
 1ba:	18 30       	cpi	r17, 0x08	; 8
 1bc:	d1 f7       	brne	.-12     	; 0x1b2 <main+0x4>
 1be:	10 e0       	ldi	r17, 0x00	; 0
 1c0:	81 2f       	mov	r24, r17
 1c2:	53 df       	rcall	.-346    	; 0x6a <BlitTileCalc>
 1c4:	ef df       	rcall	.-34     	; 0x1a4 <Dump>
 1c6:	1f 5f       	subi	r17, 0xFF	; 255
 1c8:	13 33       	cpi	r17, 0x33	; 51
 1ca:	d1 f7       	brne	.-12     	; 0x1c0 <main+0x12>
 1cc:	1f 91       	pop	r17
 1ce:	08 95       	ret

000001d0 <_exit>:
 1d0:	f8 94       	cli

000001d2 <__stop_program>:
 1d2:	ff cf       	rjmp	.-2      	; 0x1d2 <__stop_program>

Disassembly of section .bss:

00800100 <__bss_start>:
	...

008001a8 <gSysVars>:
	...

008001ba <dumpIt>:
	...

Disassembly of section .stab:

00000000 <_end-0x8001bc>:
   0:	01 00       	.word	0x0001	; ????
   2:	00 00       	nop
   4:	00 00       	nop
   6:	8e 00       	.word	0x008e	; ????
   8:	82 00       	.word	0x0082	; ????
   a:	00 00       	nop
   c:	01 00       	.word	0x0001	; ????
   e:	00 00       	nop
  10:	64 00       	.word	0x0064	; ????
  12:	00 00       	nop
  14:	54 00       	.word	0x0054	; ????
  16:	00 00       	nop
  18:	3f 00       	.word	0x003f	; ????
  1a:	00 00       	nop
  1c:	80 00       	.word	0x0080	; ????
  1e:	00 00       	nop
  20:	00 00       	nop
  22:	00 00       	nop
  24:	49 00       	.word	0x0049	; ????
  26:	00 00       	nop
  28:	24 00       	.word	0x0024	; ????
  2a:	33 00       	.word	0x0033	; ????
  2c:	00 00       	nop
  2e:	00 00       	nop
  30:	56 00       	.word	0x0056	; ????
  32:	00 00       	nop
  34:	84 00       	.word	0x0084	; ????
	...
  3e:	00 00       	nop
  40:	44 00       	.word	0x0044	; ????
  42:	34 00       	.word	0x0034	; ????
	...
  4c:	44 00       	.word	0x0044	; ????
  4e:	35 00       	.word	0x0035	; ????
  50:	02 00       	.word	0x0002	; ????
  52:	00 00       	nop
  54:	00 00       	nop
  56:	00 00       	nop
  58:	44 00       	.word	0x0044	; ????
  5a:	36 00       	.word	0x0036	; ????
  5c:	04 00       	.word	0x0004	; ????
  5e:	00 00       	nop
  60:	00 00       	nop
  62:	00 00       	nop
  64:	44 00       	.word	0x0044	; ????
  66:	37 00       	.word	0x0037	; ????
  68:	06 00       	.word	0x0006	; ????
  6a:	00 00       	nop
  6c:	00 00       	nop
  6e:	00 00       	nop
  70:	44 00       	.word	0x0044	; ????
  72:	38 00       	.word	0x0038	; ????
  74:	08 00       	.word	0x0008	; ????
  76:	00 00       	nop
  78:	00 00       	nop
  7a:	00 00       	nop
  7c:	44 00       	.word	0x0044	; ????
  7e:	39 00       	.word	0x0039	; ????
  80:	0a 00       	.word	0x000a	; ????
  82:	00 00       	nop
  84:	00 00       	nop
  86:	00 00       	nop
  88:	44 00       	.word	0x0044	; ????
  8a:	3a 00       	.word	0x003a	; ????
  8c:	0c 00       	.word	0x000c	; ????
  8e:	00 00       	nop
  90:	00 00       	nop
  92:	00 00       	nop
  94:	44 00       	.word	0x0044	; ????
  96:	3b 00       	.word	0x003b	; ????
  98:	0e 00       	.word	0x000e	; ????
  9a:	00 00       	nop
  9c:	00 00       	nop
  9e:	00 00       	nop
  a0:	44 00       	.word	0x0044	; ????
  a2:	3c 00       	.word	0x003c	; ????
  a4:	10 00       	.word	0x0010	; ????
  a6:	00 00       	nop
  a8:	00 00       	nop
  aa:	00 00       	nop
  ac:	44 00       	.word	0x0044	; ????
  ae:	3d 00       	.word	0x003d	; ????
  b0:	12 00       	.word	0x0012	; ????
  b2:	00 00       	nop
  b4:	00 00       	nop
  b6:	00 00       	nop
  b8:	44 00       	.word	0x0044	; ????
  ba:	3e 00       	.word	0x003e	; ????
  bc:	14 00       	.word	0x0014	; ????
  be:	00 00       	nop
  c0:	00 00       	nop
  c2:	00 00       	nop
  c4:	44 00       	.word	0x0044	; ????
  c6:	3f 00       	.word	0x003f	; ????
  c8:	16 00       	.word	0x0016	; ????
  ca:	00 00       	nop
  cc:	00 00       	nop
  ce:	00 00       	nop
  d0:	44 00       	.word	0x0044	; ????
  d2:	40 00       	.word	0x0040	; ????
  d4:	18 00       	.word	0x0018	; ????
  d6:	00 00       	nop
  d8:	00 00       	nop
  da:	00 00       	nop
  dc:	44 00       	.word	0x0044	; ????
  de:	41 00       	.word	0x0041	; ????
  e0:	1a 00       	.word	0x001a	; ????
  e2:	00 00       	nop
  e4:	00 00       	nop
  e6:	00 00       	nop
  e8:	44 00       	.word	0x0044	; ????
  ea:	42 00       	.word	0x0042	; ????
  ec:	1c 00       	.word	0x001c	; ????
  ee:	00 00       	nop
  f0:	00 00       	nop
  f2:	00 00       	nop
  f4:	44 00       	.word	0x0044	; ????
  f6:	43 00       	.word	0x0043	; ????
  f8:	1e 00       	.word	0x001e	; ????
  fa:	00 00       	nop
  fc:	00 00       	nop
  fe:	00 00       	nop
 100:	44 00       	.word	0x0044	; ????
 102:	44 00       	.word	0x0044	; ????
 104:	20 00       	.word	0x0020	; ????
 106:	00 00       	nop
 108:	00 00       	nop
 10a:	00 00       	nop
 10c:	44 00       	.word	0x0044	; ????
 10e:	45 00       	.word	0x0045	; ????
 110:	22 00       	.word	0x0022	; ????
 112:	00 00       	nop
 114:	00 00       	nop
 116:	00 00       	nop
 118:	44 00       	.word	0x0044	; ????
 11a:	46 00       	.word	0x0046	; ????
 11c:	24 00       	.word	0x0024	; ????
 11e:	00 00       	nop
 120:	00 00       	nop
 122:	00 00       	nop
 124:	44 00       	.word	0x0044	; ????
 126:	47 00       	.word	0x0047	; ????
 128:	26 00       	.word	0x0026	; ????
 12a:	00 00       	nop
 12c:	00 00       	nop
 12e:	00 00       	nop
 130:	44 00       	.word	0x0044	; ????
 132:	48 00       	.word	0x0048	; ????
 134:	28 00       	.word	0x0028	; ????
 136:	00 00       	nop
 138:	00 00       	nop
 13a:	00 00       	nop
 13c:	44 00       	.word	0x0044	; ????
 13e:	49 00       	.word	0x0049	; ????
 140:	2a 00       	.word	0x002a	; ????
 142:	00 00       	nop
 144:	00 00       	nop
 146:	00 00       	nop
 148:	44 00       	.word	0x0044	; ????
 14a:	4a 00       	.word	0x004a	; ????
 14c:	2c 00       	.word	0x002c	; ????
 14e:	00 00       	nop
 150:	00 00       	nop
 152:	00 00       	nop
 154:	44 00       	.word	0x0044	; ????
 156:	4b 00       	.word	0x004b	; ????
 158:	2e 00       	.word	0x002e	; ????
 15a:	00 00       	nop
 15c:	00 00       	nop
 15e:	00 00       	nop
 160:	44 00       	.word	0x0044	; ????
 162:	4c 00       	.word	0x004c	; ????
 164:	30 00       	.word	0x0030	; ????
 166:	00 00       	nop
 168:	00 00       	nop
 16a:	00 00       	nop
 16c:	44 00       	.word	0x0044	; ????
 16e:	4d 00       	.word	0x004d	; ????
 170:	32 00       	.word	0x0032	; ????
 172:	00 00       	nop
 174:	00 00       	nop
 176:	00 00       	nop
 178:	44 00       	.word	0x0044	; ????
 17a:	4e 00       	.word	0x004e	; ????
 17c:	34 00       	.word	0x0034	; ????
 17e:	00 00       	nop
 180:	00 00       	nop
 182:	00 00       	nop
 184:	44 00       	.word	0x0044	; ????
 186:	4f 00       	.word	0x004f	; ????
 188:	34 00       	.word	0x0034	; ????
 18a:	00 00       	nop
 18c:	00 00       	nop
 18e:	00 00       	nop
 190:	44 00       	.word	0x0044	; ????
 192:	50 00       	.word	0x0050	; ????
 194:	34 00       	.word	0x0034	; ????
 196:	00 00       	nop
 198:	00 00       	nop
 19a:	00 00       	nop
 19c:	44 00       	.word	0x0044	; ????
 19e:	51 00       	.word	0x0051	; ????
 1a0:	34 00       	.word	0x0034	; ????
 1a2:	00 00       	nop
 1a4:	00 00       	nop
 1a6:	00 00       	nop
 1a8:	44 00       	.word	0x0044	; ????
 1aa:	52 00       	.word	0x0052	; ????
 1ac:	34 00       	.word	0x0034	; ????
 1ae:	00 00       	nop
 1b0:	00 00       	nop
 1b2:	00 00       	nop
 1b4:	44 00       	.word	0x0044	; ????
 1b6:	53 00       	.word	0x0053	; ????
 1b8:	34 00       	.word	0x0034	; ????
 1ba:	00 00       	nop
 1bc:	00 00       	nop
 1be:	00 00       	nop
 1c0:	44 00       	.word	0x0044	; ????
 1c2:	54 00       	.word	0x0054	; ????
 1c4:	34 00       	.word	0x0034	; ????
 1c6:	00 00       	nop
 1c8:	00 00       	nop
 1ca:	00 00       	nop
 1cc:	44 00       	.word	0x0044	; ????
 1ce:	55 00       	.word	0x0055	; ????
 1d0:	34 00       	.word	0x0034	; ????
 1d2:	00 00       	nop
 1d4:	00 00       	nop
 1d6:	00 00       	nop
 1d8:	44 00       	.word	0x0044	; ????
 1da:	56 00       	.word	0x0056	; ????
 1dc:	34 00       	.word	0x0034	; ????
 1de:	00 00       	nop
 1e0:	00 00       	nop
 1e2:	00 00       	nop
 1e4:	44 00       	.word	0x0044	; ????
 1e6:	57 00       	.word	0x0057	; ????
 1e8:	34 00       	.word	0x0034	; ????
 1ea:	00 00       	nop
 1ec:	00 00       	nop
 1ee:	00 00       	nop
 1f0:	44 00       	.word	0x0044	; ????
 1f2:	58 00       	.word	0x0058	; ????
 1f4:	34 00       	.word	0x0034	; ????
 1f6:	00 00       	nop
 1f8:	00 00       	nop
 1fa:	00 00       	nop
 1fc:	44 00       	.word	0x0044	; ????
 1fe:	59 00       	.word	0x0059	; ????
 200:	34 00       	.word	0x0034	; ????
 202:	00 00       	nop
 204:	00 00       	nop
 206:	00 00       	nop
 208:	44 00       	.word	0x0044	; ????
 20a:	5a 00       	.word	0x005a	; ????
 20c:	34 00       	.word	0x0034	; ????
 20e:	00 00       	nop
 210:	00 00       	nop
 212:	00 00       	nop
 214:	44 00       	.word	0x0044	; ????
 216:	5b 00       	.word	0x005b	; ????
 218:	34 00       	.word	0x0034	; ????
 21a:	00 00       	nop
 21c:	00 00       	nop
 21e:	00 00       	nop
 220:	44 00       	.word	0x0044	; ????
 222:	5c 00       	.word	0x005c	; ????
 224:	34 00       	.word	0x0034	; ????
 226:	00 00       	nop
 228:	00 00       	nop
 22a:	00 00       	nop
 22c:	44 00       	.word	0x0044	; ????
 22e:	5d 00       	.word	0x005d	; ????
 230:	34 00       	.word	0x0034	; ????
 232:	00 00       	nop
 234:	00 00       	nop
 236:	00 00       	nop
 238:	44 00       	.word	0x0044	; ????
 23a:	5e 00       	.word	0x005e	; ????
 23c:	34 00       	.word	0x0034	; ????
 23e:	00 00       	nop
 240:	00 00       	nop
 242:	00 00       	nop
 244:	44 00       	.word	0x0044	; ????
 246:	5f 00       	.word	0x005f	; ????
 248:	34 00       	.word	0x0034	; ????
 24a:	00 00       	nop
 24c:	00 00       	nop
 24e:	00 00       	nop
 250:	44 00       	.word	0x0044	; ????
 252:	60 00       	.word	0x0060	; ????
 254:	34 00       	.word	0x0034	; ????
 256:	00 00       	nop
 258:	00 00       	nop
 25a:	00 00       	nop
 25c:	44 00       	.word	0x0044	; ????
 25e:	61 00       	.word	0x0061	; ????
 260:	34 00       	.word	0x0034	; ????
 262:	00 00       	nop
 264:	00 00       	nop
 266:	00 00       	nop
 268:	44 00       	.word	0x0044	; ????
 26a:	62 00       	.word	0x0062	; ????
 26c:	34 00       	.word	0x0034	; ????
 26e:	00 00       	nop
 270:	00 00       	nop
 272:	00 00       	nop
 274:	44 00       	.word	0x0044	; ????
 276:	63 00       	.word	0x0063	; ????
 278:	34 00       	.word	0x0034	; ????
 27a:	00 00       	nop
 27c:	00 00       	nop
 27e:	00 00       	nop
 280:	44 00       	.word	0x0044	; ????
 282:	64 00       	.word	0x0064	; ????
 284:	34 00       	.word	0x0034	; ????
 286:	00 00       	nop
 288:	00 00       	nop
 28a:	00 00       	nop
 28c:	44 00       	.word	0x0044	; ????
 28e:	65 00       	.word	0x0065	; ????
 290:	34 00       	.word	0x0034	; ????
 292:	00 00       	nop
 294:	00 00       	nop
 296:	00 00       	nop
 298:	44 00       	.word	0x0044	; ????
 29a:	66 00       	.word	0x0066	; ????
 29c:	34 00       	.word	0x0034	; ????
 29e:	00 00       	nop
 2a0:	00 00       	nop
 2a2:	00 00       	nop
 2a4:	44 00       	.word	0x0044	; ????
 2a6:	67 00       	.word	0x0067	; ????
 2a8:	34 00       	.word	0x0034	; ????
 2aa:	00 00       	nop
 2ac:	00 00       	nop
 2ae:	00 00       	nop
 2b0:	44 00       	.word	0x0044	; ????
 2b2:	68 00       	.word	0x0068	; ????
 2b4:	34 00       	.word	0x0034	; ????
 2b6:	00 00       	nop
 2b8:	00 00       	nop
 2ba:	00 00       	nop
 2bc:	44 00       	.word	0x0044	; ????
 2be:	69 00       	.word	0x0069	; ????
 2c0:	34 00       	.word	0x0034	; ????
 2c2:	00 00       	nop
 2c4:	00 00       	nop
 2c6:	00 00       	nop
 2c8:	44 00       	.word	0x0044	; ????
 2ca:	6a 00       	.word	0x006a	; ????
 2cc:	34 00       	.word	0x0034	; ????
 2ce:	00 00       	nop
 2d0:	00 00       	nop
 2d2:	00 00       	nop
 2d4:	44 00       	.word	0x0044	; ????
 2d6:	6b 00       	.word	0x006b	; ????
 2d8:	34 00       	.word	0x0034	; ????
 2da:	00 00       	nop
 2dc:	00 00       	nop
 2de:	00 00       	nop
 2e0:	44 00       	.word	0x0044	; ????
 2e2:	6c 00       	.word	0x006c	; ????
 2e4:	34 00       	.word	0x0034	; ????
 2e6:	00 00       	nop
 2e8:	00 00       	nop
 2ea:	00 00       	nop
 2ec:	44 00       	.word	0x0044	; ????
 2ee:	6d 00       	.word	0x006d	; ????
 2f0:	34 00       	.word	0x0034	; ????
 2f2:	00 00       	nop
 2f4:	00 00       	nop
 2f6:	00 00       	nop
 2f8:	44 00       	.word	0x0044	; ????
 2fa:	6e 00       	.word	0x006e	; ????
 2fc:	34 00       	.word	0x0034	; ????
 2fe:	00 00       	nop
 300:	00 00       	nop
 302:	00 00       	nop
 304:	44 00       	.word	0x0044	; ????
 306:	6f 00       	.word	0x006f	; ????
 308:	34 00       	.word	0x0034	; ????
 30a:	00 00       	nop
 30c:	00 00       	nop
 30e:	00 00       	nop
 310:	44 00       	.word	0x0044	; ????
 312:	70 00       	.word	0x0070	; ????
 314:	34 00       	.word	0x0034	; ????
 316:	00 00       	nop
 318:	00 00       	nop
 31a:	00 00       	nop
 31c:	44 00       	.word	0x0044	; ????
 31e:	71 00       	.word	0x0071	; ????
 320:	34 00       	.word	0x0034	; ????
 322:	00 00       	nop
 324:	00 00       	nop
 326:	00 00       	nop
 328:	44 00       	.word	0x0044	; ????
 32a:	72 00       	.word	0x0072	; ????
 32c:	34 00       	.word	0x0034	; ????
 32e:	00 00       	nop
 330:	00 00       	nop
 332:	00 00       	nop
 334:	44 00       	.word	0x0044	; ????
 336:	73 00       	.word	0x0073	; ????
 338:	34 00       	.word	0x0034	; ????
 33a:	00 00       	nop
 33c:	00 00       	nop
 33e:	00 00       	nop
 340:	44 00       	.word	0x0044	; ????
 342:	74 00       	.word	0x0074	; ????
 344:	34 00       	.word	0x0034	; ????
 346:	00 00       	nop
 348:	00 00       	nop
 34a:	00 00       	nop
 34c:	44 00       	.word	0x0044	; ????
 34e:	75 00       	.word	0x0075	; ????
 350:	34 00       	.word	0x0034	; ????
 352:	00 00       	nop
 354:	00 00       	nop
 356:	00 00       	nop
 358:	44 00       	.word	0x0044	; ????
 35a:	76 00       	.word	0x0076	; ????
 35c:	34 00       	.word	0x0034	; ????
 35e:	00 00       	nop
 360:	00 00       	nop
 362:	00 00       	nop
 364:	44 00       	.word	0x0044	; ????
 366:	77 00       	.word	0x0077	; ????
 368:	34 00       	.word	0x0034	; ????
 36a:	00 00       	nop
 36c:	00 00       	nop
 36e:	00 00       	nop
 370:	44 00       	.word	0x0044	; ????
 372:	78 00       	.word	0x0078	; ????
 374:	34 00       	.word	0x0034	; ????
 376:	00 00       	nop
 378:	00 00       	nop
 37a:	00 00       	nop
 37c:	44 00       	.word	0x0044	; ????
 37e:	79 00       	.word	0x0079	; ????
 380:	34 00       	.word	0x0034	; ????
 382:	00 00       	nop
 384:	00 00       	nop
 386:	00 00       	nop
 388:	44 00       	.word	0x0044	; ????
 38a:	7a 00       	.word	0x007a	; ????
 38c:	34 00       	.word	0x0034	; ????
 38e:	00 00       	nop
 390:	00 00       	nop
 392:	00 00       	nop
 394:	44 00       	.word	0x0044	; ????
 396:	7b 00       	.word	0x007b	; ????
 398:	34 00       	.word	0x0034	; ????
 39a:	00 00       	nop
 39c:	00 00       	nop
 39e:	00 00       	nop
 3a0:	44 00       	.word	0x0044	; ????
 3a2:	7c 00       	.word	0x007c	; ????
 3a4:	34 00       	.word	0x0034	; ????
 3a6:	00 00       	nop
 3a8:	00 00       	nop
 3aa:	00 00       	nop
 3ac:	44 00       	.word	0x0044	; ????
 3ae:	7d 00       	.word	0x007d	; ????
 3b0:	34 00       	.word	0x0034	; ????
 3b2:	00 00       	nop
 3b4:	00 00       	nop
 3b6:	00 00       	nop
 3b8:	44 00       	.word	0x0044	; ????
 3ba:	7e 00       	.word	0x007e	; ????
 3bc:	34 00       	.word	0x0034	; ????
 3be:	00 00       	nop
 3c0:	00 00       	nop
 3c2:	00 00       	nop
 3c4:	44 00       	.word	0x0044	; ????
 3c6:	7f 00       	.word	0x007f	; ????
 3c8:	34 00       	.word	0x0034	; ????
 3ca:	00 00       	nop
 3cc:	00 00       	nop
 3ce:	00 00       	nop
 3d0:	44 00       	.word	0x0044	; ????
 3d2:	80 00       	.word	0x0080	; ????
 3d4:	34 00       	.word	0x0034	; ????
 3d6:	00 00       	nop
 3d8:	00 00       	nop
 3da:	00 00       	nop
 3dc:	44 00       	.word	0x0044	; ????
 3de:	81 00       	.word	0x0081	; ????
 3e0:	34 00       	.word	0x0034	; ????
 3e2:	00 00       	nop
 3e4:	00 00       	nop
 3e6:	00 00       	nop
 3e8:	44 00       	.word	0x0044	; ????
 3ea:	82 00       	.word	0x0082	; ????
 3ec:	34 00       	.word	0x0034	; ????
 3ee:	00 00       	nop
 3f0:	00 00       	nop
 3f2:	00 00       	nop
 3f4:	44 00       	.word	0x0044	; ????
 3f6:	83 00       	.word	0x0083	; ????
 3f8:	34 00       	.word	0x0034	; ????
 3fa:	00 00       	nop
 3fc:	00 00       	nop
 3fe:	00 00       	nop
 400:	44 00       	.word	0x0044	; ????
 402:	84 00       	.word	0x0084	; ????
 404:	34 00       	.word	0x0034	; ????
 406:	00 00       	nop
 408:	00 00       	nop
 40a:	00 00       	nop
 40c:	44 00       	.word	0x0044	; ????
 40e:	85 00       	.word	0x0085	; ????
 410:	34 00       	.word	0x0034	; ????
 412:	00 00       	nop
 414:	00 00       	nop
 416:	00 00       	nop
 418:	44 00       	.word	0x0044	; ????
 41a:	86 00       	.word	0x0086	; ????
 41c:	34 00       	.word	0x0034	; ????
 41e:	00 00       	nop
 420:	00 00       	nop
 422:	00 00       	nop
 424:	44 00       	.word	0x0044	; ????
 426:	87 00       	.word	0x0087	; ????
 428:	34 00       	.word	0x0034	; ????
 42a:	00 00       	nop
 42c:	00 00       	nop
 42e:	00 00       	nop
 430:	44 00       	.word	0x0044	; ????
 432:	88 00       	.word	0x0088	; ????
 434:	34 00       	.word	0x0034	; ????
 436:	00 00       	nop
 438:	00 00       	nop
 43a:	00 00       	nop
 43c:	44 00       	.word	0x0044	; ????
 43e:	89 00       	.word	0x0089	; ????
 440:	34 00       	.word	0x0034	; ????
 442:	00 00       	nop
 444:	00 00       	nop
 446:	00 00       	nop
 448:	44 00       	.word	0x0044	; ????
 44a:	8a 00       	.word	0x008a	; ????
 44c:	34 00       	.word	0x0034	; ????
 44e:	00 00       	nop
 450:	00 00       	nop
 452:	00 00       	nop
 454:	44 00       	.word	0x0044	; ????
 456:	8b 00       	.word	0x008b	; ????
 458:	34 00       	.word	0x0034	; ????
 45a:	00 00       	nop
 45c:	00 00       	nop
 45e:	00 00       	nop
 460:	44 00       	.word	0x0044	; ????
 462:	8c 00       	.word	0x008c	; ????
 464:	34 00       	.word	0x0034	; ????
 466:	00 00       	nop
 468:	00 00       	nop
 46a:	00 00       	nop
 46c:	44 00       	.word	0x0044	; ????
 46e:	8d 00       	.word	0x008d	; ????
 470:	34 00       	.word	0x0034	; ????
 472:	00 00       	nop
 474:	00 00       	nop
 476:	00 00       	nop
 478:	44 00       	.word	0x0044	; ????
 47a:	8e 00       	.word	0x008e	; ????
 47c:	34 00       	.word	0x0034	; ????
 47e:	00 00       	nop
 480:	00 00       	nop
 482:	00 00       	nop
 484:	44 00       	.word	0x0044	; ????
 486:	8f 00       	.word	0x008f	; ????
 488:	34 00       	.word	0x0034	; ????
 48a:	00 00       	nop
 48c:	00 00       	nop
 48e:	00 00       	nop
 490:	44 00       	.word	0x0044	; ????
 492:	90 00       	.word	0x0090	; ????
 494:	34 00       	.word	0x0034	; ????
 496:	00 00       	nop
 498:	00 00       	nop
 49a:	00 00       	nop
 49c:	44 00       	.word	0x0044	; ????
 49e:	91 00       	.word	0x0091	; ????
 4a0:	34 00       	.word	0x0034	; ????
 4a2:	00 00       	nop
 4a4:	00 00       	nop
 4a6:	00 00       	nop
 4a8:	44 00       	.word	0x0044	; ????
 4aa:	92 00       	.word	0x0092	; ????
 4ac:	34 00       	.word	0x0034	; ????
 4ae:	00 00       	nop
 4b0:	00 00       	nop
 4b2:	00 00       	nop
 4b4:	44 00       	.word	0x0044	; ????
 4b6:	93 00       	.word	0x0093	; ????
 4b8:	34 00       	.word	0x0034	; ????
 4ba:	00 00       	nop
 4bc:	00 00       	nop
 4be:	00 00       	nop
 4c0:	44 00       	.word	0x0044	; ????
 4c2:	94 00       	.word	0x0094	; ????
 4c4:	34 00       	.word	0x0034	; ????
 4c6:	00 00       	nop
 4c8:	00 00       	nop
 4ca:	00 00       	nop
 4cc:	44 00       	.word	0x0044	; ????
 4ce:	95 00       	.word	0x0095	; ????
 4d0:	34 00       	.word	0x0034	; ????
 4d2:	00 00       	nop
 4d4:	00 00       	nop
 4d6:	00 00       	nop
 4d8:	44 00       	.word	0x0044	; ????
 4da:	96 00       	.word	0x0096	; ????
 4dc:	34 00       	.word	0x0034	; ????
 4de:	00 00       	nop
 4e0:	00 00       	nop
 4e2:	00 00       	nop
 4e4:	44 00       	.word	0x0044	; ????
 4e6:	97 00       	.word	0x0097	; ????
 4e8:	34 00       	.word	0x0034	; ????
 4ea:	00 00       	nop
 4ec:	00 00       	nop
 4ee:	00 00       	nop
 4f0:	44 00       	.word	0x0044	; ????
 4f2:	98 00       	.word	0x0098	; ????
 4f4:	34 00       	.word	0x0034	; ????
 4f6:	00 00       	nop
 4f8:	00 00       	nop
 4fa:	00 00       	nop
 4fc:	44 00       	.word	0x0044	; ????
 4fe:	99 00       	.word	0x0099	; ????
 500:	34 00       	.word	0x0034	; ????
 502:	00 00       	nop
 504:	00 00       	nop
 506:	00 00       	nop
 508:	44 00       	.word	0x0044	; ????
 50a:	9a 00       	.word	0x009a	; ????
 50c:	34 00       	.word	0x0034	; ????
 50e:	00 00       	nop
 510:	00 00       	nop
 512:	00 00       	nop
 514:	44 00       	.word	0x0044	; ????
 516:	9b 00       	.word	0x009b	; ????
 518:	34 00       	.word	0x0034	; ????
 51a:	00 00       	nop
 51c:	00 00       	nop
 51e:	00 00       	nop
 520:	44 00       	.word	0x0044	; ????
 522:	9c 00       	.word	0x009c	; ????
 524:	34 00       	.word	0x0034	; ????
 526:	00 00       	nop
 528:	00 00       	nop
 52a:	00 00       	nop
 52c:	44 00       	.word	0x0044	; ????
 52e:	9d 00       	.word	0x009d	; ????
 530:	34 00       	.word	0x0034	; ????
 532:	00 00       	nop
 534:	00 00       	nop
 536:	00 00       	nop
 538:	44 00       	.word	0x0044	; ????
 53a:	9e 00       	.word	0x009e	; ????
 53c:	34 00       	.word	0x0034	; ????
 53e:	00 00       	nop
 540:	00 00       	nop
 542:	00 00       	nop
 544:	44 00       	.word	0x0044	; ????
 546:	9f 00       	.word	0x009f	; ????
 548:	34 00       	.word	0x0034	; ????
 54a:	00 00       	nop
 54c:	00 00       	nop
 54e:	00 00       	nop
 550:	44 00       	.word	0x0044	; ????
 552:	a0 00       	.word	0x00a0	; ????
 554:	34 00       	.word	0x0034	; ????
 556:	00 00       	nop
 558:	00 00       	nop
 55a:	00 00       	nop
 55c:	44 00       	.word	0x0044	; ????
 55e:	a1 00       	.word	0x00a1	; ????
 560:	34 00       	.word	0x0034	; ????
 562:	00 00       	nop
 564:	00 00       	nop
 566:	00 00       	nop
 568:	44 00       	.word	0x0044	; ????
 56a:	a2 00       	.word	0x00a2	; ????
 56c:	34 00       	.word	0x0034	; ????
 56e:	00 00       	nop
 570:	00 00       	nop
 572:	00 00       	nop
 574:	44 00       	.word	0x0044	; ????
 576:	a3 00       	.word	0x00a3	; ????
 578:	34 00       	.word	0x0034	; ????
 57a:	00 00       	nop
 57c:	00 00       	nop
 57e:	00 00       	nop
 580:	44 00       	.word	0x0044	; ????
 582:	a4 00       	.word	0x00a4	; ????
 584:	34 00       	.word	0x0034	; ????
 586:	00 00       	nop
 588:	00 00       	nop
 58a:	00 00       	nop
 58c:	44 00       	.word	0x0044	; ????
 58e:	a5 00       	.word	0x00a5	; ????
 590:	34 00       	.word	0x0034	; ????
 592:	00 00       	nop
 594:	00 00       	nop
 596:	00 00       	nop
 598:	44 00       	.word	0x0044	; ????
 59a:	a6 00       	.word	0x00a6	; ????
 59c:	34 00       	.word	0x0034	; ????
 59e:	00 00       	nop
 5a0:	00 00       	nop
 5a2:	00 00       	nop
 5a4:	44 00       	.word	0x0044	; ????
 5a6:	a7 00       	.word	0x00a7	; ????
 5a8:	34 00       	.word	0x0034	; ????
 5aa:	00 00       	nop
 5ac:	00 00       	nop
 5ae:	00 00       	nop
 5b0:	44 00       	.word	0x0044	; ????
 5b2:	a8 00       	.word	0x00a8	; ????
 5b4:	34 00       	.word	0x0034	; ????
 5b6:	00 00       	nop
 5b8:	00 00       	nop
 5ba:	00 00       	nop
 5bc:	44 00       	.word	0x0044	; ????
 5be:	a9 00       	.word	0x00a9	; ????
 5c0:	34 00       	.word	0x0034	; ????
 5c2:	00 00       	nop
 5c4:	00 00       	nop
 5c6:	00 00       	nop
 5c8:	44 00       	.word	0x0044	; ????
 5ca:	aa 00       	.word	0x00aa	; ????
 5cc:	34 00       	.word	0x0034	; ????
 5ce:	00 00       	nop
 5d0:	00 00       	nop
 5d2:	00 00       	nop
 5d4:	44 00       	.word	0x0044	; ????
 5d6:	ab 00       	.word	0x00ab	; ????
 5d8:	34 00       	.word	0x0034	; ????
 5da:	00 00       	nop
 5dc:	00 00       	nop
 5de:	00 00       	nop
 5e0:	44 00       	.word	0x0044	; ????
 5e2:	ac 00       	.word	0x00ac	; ????
 5e4:	34 00       	.word	0x0034	; ????
 5e6:	00 00       	nop
 5e8:	00 00       	nop
 5ea:	00 00       	nop
 5ec:	44 00       	.word	0x0044	; ????
 5ee:	ad 00       	.word	0x00ad	; ????
 5f0:	34 00       	.word	0x0034	; ????
 5f2:	00 00       	nop
 5f4:	00 00       	nop
 5f6:	00 00       	nop
 5f8:	44 00       	.word	0x0044	; ????
 5fa:	ae 00       	.word	0x00ae	; ????
 5fc:	34 00       	.word	0x0034	; ????
 5fe:	00 00       	nop
 600:	00 00       	nop
 602:	00 00       	nop
 604:	44 00       	.word	0x0044	; ????
 606:	af 00       	.word	0x00af	; ????
 608:	34 00       	.word	0x0034	; ????
 60a:	00 00       	nop
 60c:	00 00       	nop
 60e:	00 00       	nop
 610:	44 00       	.word	0x0044	; ????
 612:	b0 00       	.word	0x00b0	; ????
 614:	34 00       	.word	0x0034	; ????
 616:	00 00       	nop
 618:	00 00       	nop
 61a:	00 00       	nop
 61c:	44 00       	.word	0x0044	; ????
 61e:	b1 00       	.word	0x00b1	; ????
 620:	34 00       	.word	0x0034	; ????
 622:	00 00       	nop
 624:	00 00       	nop
 626:	00 00       	nop
 628:	24 00       	.word	0x0024	; ????
 62a:	00 00       	nop
 62c:	34 00       	.word	0x0034	; ????
 62e:	00 00       	nop
 630:	6f 00       	.word	0x006f	; ????
 632:	00 00       	nop
 634:	24 00       	.word	0x0024	; ????
 636:	be 00       	.word	0x00be	; ????
 638:	54 00       	.word	0x0054	; ????
 63a:	00 00       	nop
 63c:	00 00       	nop
 63e:	00 00       	nop
 640:	44 00       	.word	0x0044	; ????
 642:	c1 00       	.word	0x00c1	; ????
	...
 64c:	24 00       	.word	0x0024	; ????
 64e:	00 00       	nop
 650:	02 00       	.word	0x0002	; ????
 652:	00 00       	nop
 654:	00 00       	nop
 656:	00 00       	nop
 658:	44 00       	.word	0x0044	; ????
 65a:	d6 00       	.word	0x00d6	; ????
 65c:	34 00       	.word	0x0034	; ????
 65e:	00 00       	nop
 660:	00 00       	nop
 662:	00 00       	nop
 664:	44 00       	.word	0x0044	; ????
 666:	d7 00       	.word	0x00d7	; ????
 668:	36 00       	.word	0x0036	; ????
 66a:	00 00       	nop
 66c:	00 00       	nop
 66e:	00 00       	nop
 670:	44 00       	.word	0x0044	; ????
 672:	d8 00       	.word	0x00d8	; ????
 674:	38 00       	.word	0x0038	; ????
 676:	00 00       	nop
 678:	00 00       	nop
 67a:	00 00       	nop
 67c:	44 00       	.word	0x0044	; ????
 67e:	da 00       	.word	0x00da	; ????
 680:	3a 00       	.word	0x003a	; ????
 682:	00 00       	nop
 684:	00 00       	nop
 686:	00 00       	nop
 688:	44 00       	.word	0x0044	; ????
 68a:	db 00       	.word	0x00db	; ????
 68c:	3c 00       	.word	0x003c	; ????
 68e:	00 00       	nop
 690:	00 00       	nop
 692:	00 00       	nop
 694:	44 00       	.word	0x0044	; ????
 696:	dd 00       	.word	0x00dd	; ????
 698:	3e 00       	.word	0x003e	; ????
 69a:	00 00       	nop
 69c:	00 00       	nop
 69e:	00 00       	nop
 6a0:	44 00       	.word	0x0044	; ????
 6a2:	20 01       	movw	r4, r0
 6a4:	50 00       	.word	0x0050	; ????
 6a6:	00 00       	nop
 6a8:	00 00       	nop
 6aa:	00 00       	nop
 6ac:	44 00       	.word	0x0044	; ????
 6ae:	21 01       	movw	r4, r2
 6b0:	52 00       	.word	0x0052	; ????
	...

Disassembly of section .stabstr:

00000000 <.stabstr>:
   0:	00 2f       	mov	r16, r16
   2:	76 61       	ori	r23, 0x16	; 22
   4:	72 2f       	mov	r23, r18
   6:	66 6f       	ori	r22, 0xF6	; 246
   8:	6c 64       	ori	r22, 0x4C	; 76
   a:	65 72       	andi	r22, 0x25	; 37
   c:	73 2f       	mov	r23, r19
   e:	67 66       	ori	r22, 0x67	; 103
  10:	2f 67       	ori	r18, 0x7F	; 127
  12:	66 56       	subi	r22, 0x66	; 102
  14:	36 4d       	sbci	r19, 0xD6	; 214
  16:	6c 75       	andi	r22, 0x5C	; 92
  18:	43 45       	sbci	r20, 0x53	; 83
  1a:	6e 4f       	sbci	r22, 0xFE	; 254
  1c:	6a 6e       	ori	r22, 0xEA	; 234
  1e:	44 77       	andi	r20, 0x74	; 116
  20:	56 33       	cpi	r21, 0x36	; 54
  22:	55 2d       	mov	r21, r5
  24:	7a 76       	andi	r23, 0x6A	; 106
  26:	55 2b       	or	r21, r21
  28:	2b 2b       	or	r18, r27
  2a:	54 49       	sbci	r21, 0x94	; 148
  2c:	2f 2d       	mov	r18, r15
  2e:	54 6d       	ori	r21, 0xD4	; 212
  30:	70 2d       	mov	r23, r0
  32:	2f 2f       	mov	r18, r31
  34:	63 63       	ori	r22, 0x33	; 51
  36:	53 78       	andi	r21, 0x83	; 131
  38:	79 74       	andi	r23, 0x49	; 73
  3a:	52 67       	ori	r21, 0x72	; 114
  3c:	2e 73       	andi	r18, 0x3E	; 62
  3e:	00 76       	andi	r16, 0x60	; 96
  40:	6f 69       	ori	r22, 0x9F	; 159
  42:	64 3a       	cpi	r22, 0xA4	; 164
  44:	74 31       	cpi	r23, 0x14	; 20
  46:	3d 31       	cpi	r19, 0x1D	; 29
  48:	00 5f       	subi	r16, 0xF0	; 240
  4a:	5f 76       	andi	r21, 0x6F	; 111
  4c:	65 63       	ori	r22, 0x35	; 53
  4e:	74 6f       	ori	r23, 0xF4	; 244
  50:	72 73       	andi	r23, 0x32	; 50
  52:	3a 46       	sbci	r19, 0x6A	; 106
  54:	31 00       	.word	0x0031	; ????
  56:	2e 2e       	mov	r2, r30
  58:	2f 2e       	mov	r2, r31
  5a:	2e 2f       	mov	r18, r30
  5c:	2e 2e       	mov	r2, r30
  5e:	2f 2e       	mov	r2, r31
  60:	2e 2f       	mov	r18, r30
  62:	63 72       	andi	r22, 0x23	; 35
  64:	74 31       	cpi	r23, 0x14	; 20
  66:	2f 67       	ori	r18, 0x7F	; 127
  68:	63 72       	andi	r22, 0x23	; 35
  6a:	74 31       	cpi	r23, 0x14	; 20
  6c:	2e 53       	subi	r18, 0x3E	; 62
  6e:	00 5f       	subi	r16, 0xF0	; 240
  70:	5f 62       	ori	r21, 0x2F	; 47
  72:	61 64       	ori	r22, 0x41	; 65
  74:	5f 69       	ori	r21, 0x9F	; 159
  76:	6e 74       	andi	r22, 0x4E	; 78
  78:	65 72       	andi	r22, 0x25	; 37
  7a:	72 75       	andi	r23, 0x52	; 82
  7c:	70 74       	andi	r23, 0x40	; 64
  7e:	3a 46       	sbci	r19, 0x6A	; 106
  80:	31 00       	.word	0x0031	; ????

Disassembly of section .debug_aranges:

00000000 <.debug_aranges>:
   0:	1c 00       	.word	0x001c	; ????
   2:	00 00       	nop
   4:	02 00       	.word	0x0002	; ????
   6:	00 00       	nop
   8:	00 00       	nop
   a:	04 00       	.word	0x0004	; ????
   c:	00 00       	nop
   e:	00 00       	nop
  10:	a4 01       	movw	r20, r8
  12:	00 00       	nop
  14:	2c 00       	.word	0x002c	; ????
	...

Disassembly of section .debug_pubnames:

00000000 <.debug_pubnames>:
   0:	47 00       	.word	0x0047	; ????
   2:	00 00       	nop
   4:	02 00       	.word	0x0002	; ????
   6:	00 00       	nop
   8:	00 00       	nop
   a:	c2 01       	movw	r24, r4
   c:	00 00       	nop
   e:	2b 01       	movw	r4, r22
  10:	00 00       	nop
  12:	44 75       	andi	r20, 0x54	; 84
  14:	6d 70       	andi	r22, 0x0D	; 13
  16:	00 54       	subi	r16, 0x40	; 64
  18:	01 00       	.word	0x0001	; ????
  1a:	00 6d       	ori	r16, 0xD0	; 208
  1c:	61 69       	ori	r22, 0x91	; 145
  1e:	6e 00       	.word	0x006e	; ????
  20:	7b 01       	movw	r14, r22
  22:	00 00       	nop
  24:	67 53       	subi	r22, 0x37	; 55
  26:	79 73       	andi	r23, 0x39	; 57
  28:	56 61       	ori	r21, 0x16	; 22
  2a:	72 73       	andi	r23, 0x32	; 50
  2c:	00 8d       	ldd	r16, Z+24	; 0x18
  2e:	01 00       	.word	0x0001	; ????
  30:	00 64       	ori	r16, 0x40	; 64
  32:	75 6d       	ori	r23, 0xD5	; 213
  34:	70 49       	sbci	r23, 0x90	; 144
  36:	74 00       	.word	0x0074	; ????
  38:	af 01       	movw	r20, r30
  3a:	00 00       	nop
  3c:	67 56       	subi	r22, 0x67	; 103
  3e:	69 64       	ori	r22, 0x49	; 73
  40:	65 6f       	ori	r22, 0xF5	; 245
  42:	42 75       	andi	r20, 0x52	; 82
  44:	66 66       	ori	r22, 0x66	; 102
  46:	00 00       	nop
  48:	00 00       	nop
	...

Disassembly of section .debug_info:

00000000 <.debug_info>:
   0:	be 01       	movw	r22, r28
   2:	00 00       	nop
   4:	02 00       	.word	0x0002	; ????
   6:	00 00       	nop
   8:	00 00       	nop
   a:	04 01       	movw	r0, r8
   c:	4c 00       	.word	0x004c	; ????
   e:	00 00       	nop
  10:	01 01       	movw	r0, r2
  12:	01 00       	.word	0x0001	; ????
  14:	00 9a       	sbi	0x00, 0	; 0
  16:	00 00       	nop
  18:	00 a4       	ldd	r0, Z+40	; 0x28
  1a:	01 00       	.word	0x0001	; ????
  1c:	00 d0       	rcall	.+0      	; 0x1e <GPIOR0>
  1e:	01 00       	.word	0x0001	; ????
  20:	00 00       	nop
  22:	00 00       	nop
  24:	00 02       	muls	r16, r16
  26:	01 06       	cpc	r0, r17
  28:	2d 00       	.word	0x002d	; ????
  2a:	00 00       	nop
  2c:	02 01       	movw	r0, r4
  2e:	08 2b       	or	r16, r24
  30:	00 00       	nop
  32:	00 03       	mulsu	r16, r16
  34:	02 05       	cpc	r16, r2
  36:	69 6e       	ori	r22, 0xE9	; 233
  38:	74 00       	.word	0x0074	; ????
  3a:	02 02       	muls	r16, r18
  3c:	07 73       	andi	r16, 0x37	; 55
  3e:	00 00       	nop
  40:	00 02       	muls	r16, r16
  42:	04 05       	cpc	r16, r4
  44:	f1 00       	.word	0x00f1	; ????
  46:	00 00       	nop
  48:	02 04       	cpc	r0, r2
  4a:	07 6e       	ori	r16, 0xE7	; 231
  4c:	00 00       	nop
  4e:	00 02       	muls	r16, r16
  50:	08 05       	cpc	r16, r8
  52:	ec 00       	.word	0x00ec	; ????
  54:	00 00       	nop
  56:	02 08       	sbc	r0, r2
  58:	07 69       	ori	r16, 0x97	; 151
  5a:	00 00       	nop
  5c:	00 04       	cpc	r0, r0
  5e:	01 06       	cpc	r0, r17
  60:	04 01       	movw	r0, r8
  62:	08 05       	cpc	r16, r8
  64:	26 00       	.word	0x0026	; ????
  66:	00 00       	nop
  68:	02 32       	cpi	r16, 0x22	; 34
  6a:	2c 00       	.word	0x002c	; ????
  6c:	00 00       	nop
  6e:	05 fa       	bst	r0, 5
  70:	00 00       	nop
  72:	00 02       	muls	r16, r16
  74:	34 79       	andi	r19, 0x94	; 148
  76:	00 00       	nop
  78:	00 02       	muls	r16, r16
  7a:	02 07       	cpc	r16, r18
  7c:	39 00       	.word	0x0039	; ????
  7e:	00 00       	nop
  80:	06 12       	cpse	r0, r22
  82:	02 9a       	sbi	0x00, 2	; 0
  84:	07 01       	movw	r0, r14
  86:	00 00       	nop
  88:	07 21       	and	r16, r7
  8a:	00 00       	nop
  8c:	00 02       	muls	r16, r16
  8e:	9b 07       	cpc	r25, r27
  90:	01 00       	.word	0x0001	; ????
  92:	00 02       	muls	r16, r16
  94:	23 00       	.word	0x0023	; ????
  96:	07 89       	ldd	r16, Z+23	; 0x17
  98:	00 00       	nop
  9a:	00 02       	muls	r16, r16
  9c:	9c 63       	ori	r25, 0x3C	; 60
  9e:	00 00       	nop
  a0:	00 02       	muls	r16, r16
  a2:	23 02       	muls	r18, r19
  a4:	07 58       	subi	r16, 0x87	; 135
  a6:	00 00       	nop
  a8:	00 02       	muls	r16, r16
  aa:	9d 0d       	add	r25, r13
  ac:	01 00       	.word	0x0001	; ????
  ae:	00 02       	muls	r16, r16
  b0:	23 03       	mulsu	r18, r19
  b2:	07 18       	sub	r0, r7
  b4:	01 00       	.word	0x0001	; ????
  b6:	00 02       	muls	r16, r16
  b8:	9e 63       	ori	r25, 0x3E	; 62
  ba:	00 00       	nop
  bc:	00 02       	muls	r16, r16
  be:	23 0b       	sbc	r18, r19
  c0:	07 0d       	add	r16, r7
  c2:	01 00       	.word	0x0001	; ????
  c4:	00 02       	muls	r16, r16
  c6:	9f 07       	cpc	r25, r31
  c8:	01 00       	.word	0x0001	; ????
  ca:	00 02       	muls	r16, r16
  cc:	23 0c       	add	r2, r3
  ce:	07 15       	cp	r16, r7
  d0:	00 00       	nop
  d2:	00 02       	muls	r16, r16
  d4:	a0 63       	ori	r26, 0x30	; 48
  d6:	00 00       	nop
  d8:	00 02       	muls	r16, r16
  da:	23 0e       	add	r2, r19
  dc:	07 1b       	sub	r16, r23
  de:	00 00       	nop
  e0:	00 02       	muls	r16, r16
  e2:	a1 63       	ori	r26, 0x31	; 49
  e4:	00 00       	nop
  e6:	00 02       	muls	r16, r16
  e8:	23 0f       	add	r18, r19
  ea:	07 0f       	add	r16, r23
  ec:	00 00       	nop
  ee:	00 02       	muls	r16, r16
  f0:	a2 63       	ori	r26, 0x32	; 50
  f2:	00 00       	nop
  f4:	00 02       	muls	r16, r16
  f6:	23 10       	cpse	r2, r3
  f8:	07 00       	.word	0x0007	; ????
  fa:	00 00       	nop
  fc:	00 02       	muls	r16, r16
  fe:	a3 63       	ori	r26, 0x33	; 51
 100:	00 00       	nop
 102:	00 02       	muls	r16, r16
 104:	23 11       	cpse	r18, r3
 106:	00 08       	sbc	r0, r0
 108:	02 63       	ori	r16, 0x32	; 50
 10a:	00 00       	nop
 10c:	00 09       	sbc	r16, r0
 10e:	63 00       	.word	0x0063	; ????
 110:	00 00       	nop
 112:	1d 01       	movw	r2, r26
 114:	00 00       	nop
 116:	0a 1d       	adc	r16, r10
 118:	01 00       	.word	0x0001	; ????
 11a:	00 07       	cpc	r16, r16
 11c:	00 04       	cpc	r0, r0
 11e:	02 07       	cpc	r16, r18
 120:	05 06       	cpc	r0, r21
 122:	00 00       	nop
 124:	00 02       	muls	r16, r16
 126:	a4 80       	ldd	r10, Z+4	; 0x04
 128:	00 00       	nop
 12a:	00 0b       	sbc	r16, r16
 12c:	01 08       	sbc	r0, r1
 12e:	01 00       	.word	0x0001	; ????
 130:	00 01       	movw	r0, r0
 132:	45 01       	movw	r8, r10
 134:	a4 01       	movw	r20, r8
 136:	00 00       	nop
 138:	ae 01       	movw	r20, r28
 13a:	00 00       	nop
 13c:	02 90       	ld	r0, -Z
 13e:	20 54       	subi	r18, 0x40	; 64
 140:	01 00       	.word	0x0001	; ????
 142:	00 0c       	add	r0, r0
 144:	6e 00       	.word	0x006e	; ????
 146:	01 45       	sbci	r16, 0x51	; 81
 148:	6e 00       	.word	0x006e	; ????
 14a:	00 00       	nop
 14c:	06 68       	ori	r16, 0x86	; 134
 14e:	93 01       	movw	r18, r6
 150:	69 93       	st	Y+, r22
 152:	01 00       	.word	0x0001	; ????
 154:	0b 01       	movw	r0, r22
 156:	5d 00       	.word	0x005d	; ????
 158:	00 00       	nop
 15a:	01 4a       	sbci	r16, 0xA1	; 161
 15c:	01 ae       	std	Z+57, r0	; 0x39
 15e:	01 00       	.word	0x0001	; ????
 160:	00 d0       	rcall	.+0      	; 0x162 <BlitBlt14+0x2>
 162:	01 00       	.word	0x0001	; ????
 164:	00 02       	muls	r16, r16
 166:	90 20       	and	r9, r0
 168:	7b 01       	movw	r14, r22
 16a:	00 00       	nop
 16c:	0d 69       	ori	r16, 0x9D	; 157
 16e:	78 00       	.word	0x0078	; ????
 170:	01 4b       	sbci	r16, 0xB1	; 177
 172:	63 00       	.word	0x0063	; ????
 174:	00 00       	nop
 176:	00 00       	nop
 178:	00 00       	nop
 17a:	00 0e       	add	r0, r16
 17c:	80 00       	.word	0x0080	; ????
 17e:	00 00       	nop
 180:	01 41       	sbci	r16, 0x11	; 17
 182:	20 01       	movw	r4, r0
 184:	00 00       	nop
 186:	01 05       	cpc	r16, r1
 188:	03 a8       	ldd	r0, Z+51	; 0x33
 18a:	01 80       	ldd	r0, Z+1	; 0x01
 18c:	00 0e       	add	r0, r16
 18e:	62 00       	.word	0x0062	; ????
 190:	00 00       	nop
 192:	01 2f       	mov	r16, r17
 194:	33 00       	.word	0x0033	; ????
 196:	00 00       	nop
 198:	01 05       	cpc	r16, r1
 19a:	03 ba       	out	0x13, r0	; 19
 19c:	01 80       	ldd	r0, Z+1	; 0x01
 19e:	00 09       	sbc	r16, r0
 1a0:	63 00       	.word	0x0063	; ????
 1a2:	00 00       	nop
 1a4:	af 01       	movw	r20, r30
 1a6:	00 00       	nop
 1a8:	0a 1d       	adc	r16, r10
 1aa:	01 00       	.word	0x0001	; ????
 1ac:	00 a7       	std	Z+40, r16	; 0x28
 1ae:	00 0e       	add	r0, r16
 1b0:	8f 00       	.word	0x008f	; ????
 1b2:	00 00       	nop
 1b4:	01 43       	sbci	r16, 0x31	; 49
 1b6:	9f 01       	movw	r18, r30
 1b8:	00 00       	nop
 1ba:	01 05       	cpc	r16, r1
 1bc:	03 00       	.word	0x0003	; ????
 1be:	01 80       	ldd	r0, Z+1	; 0x01
	...

Disassembly of section .debug_abbrev:

00000000 <.debug_abbrev>:
   0:	01 11       	cpse	r16, r1
   2:	01 25       	eor	r16, r1
   4:	0e 13       	cpse	r16, r30
   6:	0b 03       	fmul	r16, r19
   8:	0e 1b       	sub	r16, r30
   a:	0e 11       	cpse	r16, r14
   c:	01 12       	cpse	r0, r17
   e:	01 10       	cpse	r0, r1
  10:	06 00       	.word	0x0006	; ????
  12:	00 02       	muls	r16, r16
  14:	24 00       	.word	0x0024	; ????
  16:	0b 0b       	sbc	r16, r27
  18:	3e 0b       	sbc	r19, r30
  1a:	03 0e       	add	r0, r19
  1c:	00 00       	nop
  1e:	03 24       	eor	r0, r3
  20:	00 0b       	sbc	r16, r16
  22:	0b 3e       	cpi	r16, 0xEB	; 235
  24:	0b 03       	fmul	r16, r19
  26:	08 00       	.word	0x0008	; ????
  28:	00 04       	cpc	r0, r0
  2a:	24 00       	.word	0x0024	; ????
  2c:	0b 0b       	sbc	r16, r27
  2e:	3e 0b       	sbc	r19, r30
  30:	00 00       	nop
  32:	05 16       	cp	r0, r21
  34:	00 03       	mulsu	r16, r16
  36:	0e 3a       	cpi	r16, 0xAE	; 174
  38:	0b 3b       	cpi	r16, 0xBB	; 187
  3a:	0b 49       	sbci	r16, 0x9B	; 155
  3c:	13 00       	.word	0x0013	; ????
  3e:	00 06       	cpc	r0, r16
  40:	13 01       	movw	r2, r6
  42:	0b 0b       	sbc	r16, r27
  44:	3a 0b       	sbc	r19, r26
  46:	3b 0b       	sbc	r19, r27
  48:	01 13       	cpse	r16, r17
  4a:	00 00       	nop
  4c:	07 0d       	add	r16, r7
  4e:	00 03       	mulsu	r16, r16
  50:	0e 3a       	cpi	r16, 0xAE	; 174
  52:	0b 3b       	cpi	r16, 0xBB	; 187
  54:	0b 49       	sbci	r16, 0x9B	; 155
  56:	13 38       	cpi	r17, 0x83	; 131
  58:	0a 00       	.word	0x000a	; ????
  5a:	00 08       	sbc	r0, r0
  5c:	0f 00       	.word	0x000f	; ????
  5e:	0b 0b       	sbc	r16, r27
  60:	49 13       	cpse	r20, r25
  62:	00 00       	nop
  64:	09 01       	movw	r0, r18
  66:	01 49       	sbci	r16, 0x91	; 145
  68:	13 01       	movw	r2, r6
  6a:	13 00       	.word	0x0013	; ????
  6c:	00 0a       	sbc	r0, r16
  6e:	21 00       	.word	0x0021	; ????
  70:	49 13       	cpse	r20, r25
  72:	2f 0b       	sbc	r18, r31
  74:	00 00       	nop
  76:	0b 2e       	mov	r0, r27
  78:	01 3f       	cpi	r16, 0xF1	; 241
  7a:	0c 03       	fmul	r16, r20
  7c:	0e 3a       	cpi	r16, 0xAE	; 174
  7e:	0b 3b       	cpi	r16, 0xBB	; 187
  80:	0b 27       	eor	r16, r27
  82:	0c 11       	cpse	r16, r12
  84:	01 12       	cpse	r0, r17
  86:	01 40       	sbci	r16, 0x01	; 1
  88:	0a 01       	movw	r0, r20
  8a:	13 00       	.word	0x0013	; ????
  8c:	00 0c       	add	r0, r0
  8e:	05 00       	.word	0x0005	; ????
  90:	03 08       	sbc	r0, r3
  92:	3a 0b       	sbc	r19, r26
  94:	3b 0b       	sbc	r19, r27
  96:	49 13       	cpse	r20, r25
  98:	02 0a       	sbc	r0, r18
  9a:	00 00       	nop
  9c:	0d 34       	cpi	r16, 0x4D	; 77
  9e:	00 03       	mulsu	r16, r16
  a0:	08 3a       	cpi	r16, 0xA8	; 168
  a2:	0b 3b       	cpi	r16, 0xBB	; 187
  a4:	0b 49       	sbci	r16, 0x9B	; 155
  a6:	13 02       	muls	r17, r19
  a8:	06 00       	.word	0x0006	; ????
  aa:	00 0e       	add	r0, r16
  ac:	34 00       	.word	0x0034	; ????
  ae:	03 0e       	add	r0, r19
  b0:	3a 0b       	sbc	r19, r26
  b2:	3b 0b       	sbc	r19, r27
  b4:	49 13       	cpse	r20, r25
  b6:	3f 0c       	add	r3, r15
  b8:	02 0a       	sbc	r0, r18
  ba:	00 00       	nop
	...

Disassembly of section .debug_line:

00000000 <.debug_line>:
   0:	92 00       	.word	0x0092	; ????
   2:	00 00       	nop
   4:	02 00       	.word	0x0002	; ????
   6:	32 00       	.word	0x0032	; ????
   8:	00 00       	nop
   a:	01 01       	movw	r0, r2
   c:	f6 f5       	brtc	.+124    	; 0x8a <OCR1AH+0x1>
   e:	0a 00       	.word	0x000a	; ????
  10:	01 01       	movw	r0, r2
  12:	01 01       	movw	r0, r2
  14:	00 00       	nop
  16:	00 01       	movw	r0, r0
  18:	2e 2e       	mov	r2, r30
  1a:	2f 2e       	mov	r2, r31
  1c:	2e 2f       	mov	r18, r30
  1e:	69 6e       	ori	r22, 0xE9	; 233
  20:	63 00       	.word	0x0063	; ????
  22:	00 6d       	ori	r16, 0xD0	; 208
  24:	61 69       	ori	r22, 0x91	; 145
  26:	6e 2e       	mov	r6, r30
  28:	63 00       	.word	0x0063	; ????
  2a:	00 00       	nop
  2c:	00 43       	sbci	r16, 0x30	; 48
  2e:	6f 72       	andi	r22, 0x2F	; 47
  30:	65 44       	sbci	r22, 0x45	; 69
  32:	65 66       	ori	r22, 0x65	; 101
  34:	73 2e       	mov	r7, r19
  36:	68 00       	.word	0x0068	; ????
  38:	01 00       	.word	0x0001	; ????
  3a:	00 00       	nop
  3c:	00 05       	cpc	r16, r0
  3e:	02 a4       	ldd	r0, Z+42	; 0x2a
  40:	01 00       	.word	0x0001	; ????
  42:	00 58       	subi	r16, 0x80	; 128
  44:	00 05       	cpc	r16, r0
  46:	02 a4       	ldd	r0, Z+42	; 0x2a
  48:	01 00       	.word	0x0001	; ????
  4a:	00 15       	cp	r16, r0
  4c:	00 05       	cpc	r16, r0
  4e:	02 ac       	ldd	r0, Z+58	; 0x3a
  50:	01 00       	.word	0x0001	; ????
  52:	00 15       	cp	r16, r0
  54:	00 05       	cpc	r16, r0
  56:	02 ae       	std	Z+58, r0	; 0x3a
  58:	01 00       	.word	0x0001	; ????
  5a:	00 17       	cp	r16, r16
  5c:	00 05       	cpc	r16, r0
  5e:	02 b0       	in	r0, 0x02	; 2
  60:	01 00       	.word	0x0001	; ????
  62:	00 01       	movw	r0, r0
  64:	00 05       	cpc	r16, r0
  66:	02 b2       	in	r0, 0x12	; 18
  68:	01 00       	.word	0x0001	; ????
  6a:	00 17       	cp	r16, r16
  6c:	00 05       	cpc	r16, r0
  6e:	02 b8       	out	0x02, r0	; 2
  70:	01 00       	.word	0x0001	; ????
  72:	00 13       	cpse	r16, r16
  74:	00 05       	cpc	r16, r0
  76:	02 c0       	rjmp	.+4      	; 0x7c <BlitSramAddr+0x2>
  78:	01 00       	.word	0x0001	; ????
  7a:	00 18       	sub	r0, r0
  7c:	00 05       	cpc	r16, r0
  7e:	02 c6       	rjmp	.+3076   	; 0xc84 <__stack+0x985>
  80:	01 00       	.word	0x0001	; ????
  82:	00 13       	cpse	r16, r16
  84:	00 05       	cpc	r16, r0
  86:	02 cc       	rjmp	.-2044   	; 0xfffff88c <__eeprom_end+0xff7ef88c>
  88:	01 00       	.word	0x0001	; ????
  8a:	00 17       	cp	r16, r16
  8c:	00 05       	cpc	r16, r0
  8e:	02 d0       	rcall	.+4      	; 0x94 <OCR1AH+0xb>
  90:	01 00       	.word	0x0001	; ????
  92:	00 00       	nop
  94:	01 01       	movw	r0, r2
  96:	16 00       	.word	0x0016	; ????
  98:	00 00       	nop
  9a:	02 00       	.word	0x0002	; ????
  9c:	10 00       	.word	0x0010	; ????
  9e:	00 00       	nop
  a0:	01 01       	movw	r0, r2
  a2:	fb 0e       	add	r15, r27
  a4:	0a 00       	.word	0x000a	; ????
  a6:	01 01       	movw	r0, r2
  a8:	01 01       	movw	r0, r2
  aa:	00 00       	nop
  ac:	00 01       	movw	r0, r0
	...

Disassembly of section .debug_frame:

00000000 <.debug_frame>:
   0:	0c 00       	.word	0x000c	; ????
   2:	00 00       	nop
   4:	ff ff       	.word	0xffff	; ????
   6:	ff ff       	.word	0xffff	; ????
   8:	01 00       	.word	0x0001	; ????
   a:	01 7f       	andi	r16, 0xF1	; 241
   c:	24 0c       	add	r2, r4
   e:	20 00       	.word	0x0020	; ????
  10:	0c 00       	.word	0x000c	; ????
  12:	00 00       	nop
  14:	00 00       	nop
  16:	00 00       	nop
  18:	a4 01       	movw	r20, r8
  1a:	00 00       	nop
  1c:	0a 00       	.word	0x000a	; ????
  1e:	00 00       	nop
  20:	0c 00       	.word	0x000c	; ????
  22:	00 00       	nop
  24:	00 00       	nop
  26:	00 00       	nop
  28:	ae 01       	movw	r20, r28
  2a:	00 00       	nop
  2c:	22 00       	.word	0x0022	; ????
	...

Disassembly of section .debug_str:

00000000 <.debug_str>:
   0:	63 6c       	ori	r22, 0xC3	; 195
   2:	69 70       	andi	r22, 0x09	; 9
   4:	48 00       	.word	0x0048	; ????
   6:	74 53       	subi	r23, 0x34	; 52
   8:	79 73       	andi	r23, 0x39	; 57
   a:	56 61       	ori	r21, 0x16	; 22
   c:	72 73       	andi	r23, 0x32	; 50
   e:	00 63       	ori	r16, 0x30	; 48
  10:	6c 69       	ori	r22, 0x9C	; 156
  12:	70 57       	subi	r23, 0x70	; 112
  14:	00 63       	ori	r16, 0x30	; 48
  16:	6c 69       	ori	r22, 0x9C	; 156
  18:	70 58       	subi	r23, 0x80	; 128
  1a:	00 63       	ori	r16, 0x30	; 48
  1c:	6c 69       	ori	r22, 0x9C	; 156
  1e:	70 59       	subi	r23, 0x90	; 144
  20:	00 67       	ori	r16, 0x70	; 112
  22:	43 75       	andi	r20, 0x53	; 83
  24:	72 00       	.word	0x0072	; ????
  26:	62 79       	andi	r22, 0x92	; 146
  28:	74 65       	ori	r23, 0x54	; 84
  2a:	00 75       	andi	r16, 0x50	; 80
  2c:	6e 73       	andi	r22, 0x3E	; 62
  2e:	69 67       	ori	r22, 0x79	; 121
  30:	6e 65       	ori	r22, 0x5E	; 94
  32:	64 20       	and	r6, r4
  34:	63 68       	ori	r22, 0x83	; 131
  36:	61 72       	andi	r22, 0x21	; 33
  38:	00 73       	andi	r16, 0x30	; 48
  3a:	68 6f       	ori	r22, 0xF8	; 248
  3c:	72 74       	andi	r23, 0x42	; 66
  3e:	20 75       	andi	r18, 0x50	; 80
  40:	6e 73       	andi	r22, 0x3E	; 62
  42:	69 67       	ori	r22, 0x79	; 121
  44:	6e 65       	ori	r22, 0x5E	; 94
  46:	64 20       	and	r6, r4
  48:	69 6e       	ori	r22, 0xE9	; 233
  4a:	74 00       	.word	0x0074	; ????
  4c:	47 4e       	sbci	r20, 0xE7	; 231
  4e:	55 20       	and	r5, r5
  50:	43 20       	and	r4, r3
  52:	34 2e       	mov	r3, r20
  54:	33 2e       	mov	r3, r19
  56:	33 00       	.word	0x0033	; ????
  58:	62 75       	andi	r22, 0x52	; 82
  5a:	66 66       	ori	r22, 0x66	; 102
  5c:	00 6d       	ori	r16, 0xD0	; 208
  5e:	61 69       	ori	r22, 0x91	; 145
  60:	6e 00       	.word	0x006e	; ????
  62:	64 75       	andi	r22, 0x54	; 84
  64:	6d 70       	andi	r22, 0x0D	; 13
  66:	49 74       	andi	r20, 0x49	; 73
  68:	00 6c       	ori	r16, 0xC0	; 192
  6a:	6f 6e       	ori	r22, 0xEF	; 239
  6c:	67 20       	and	r6, r7
  6e:	6c 6f       	ori	r22, 0xFC	; 252
  70:	6e 67       	ori	r22, 0x7E	; 126
  72:	20 75       	andi	r18, 0x50	; 80
  74:	6e 73       	andi	r22, 0x3E	; 62
  76:	69 67       	ori	r22, 0x79	; 121
  78:	6e 65       	ori	r22, 0x5E	; 94
  7a:	64 20       	and	r6, r4
  7c:	69 6e       	ori	r22, 0xE9	; 233
  7e:	74 00       	.word	0x0074	; ????
  80:	67 53       	subi	r22, 0x37	; 55
  82:	79 73       	andi	r23, 0x39	; 57
  84:	56 61       	ori	r21, 0x16	; 22
  86:	72 73       	andi	r23, 0x32	; 50
  88:	00 67       	ori	r16, 0x70	; 112
  8a:	43 75       	andi	r20, 0x53	; 83
  8c:	72 58       	subi	r23, 0x82	; 130
  8e:	00 67       	ori	r16, 0x70	; 112
  90:	56 69       	ori	r21, 0x96	; 150
  92:	64 65       	ori	r22, 0x54	; 84
  94:	6f 42       	sbci	r22, 0x2F	; 47
  96:	75 66       	ori	r23, 0x65	; 101
  98:	66 00       	.word	0x0066	; ????
  9a:	2f 55       	subi	r18, 0x5F	; 95
  9c:	73 65       	ori	r23, 0x53	; 83
  9e:	72 73       	andi	r23, 0x32	; 50
  a0:	2f 75       	andi	r18, 0x5F	; 95
  a2:	73 65       	ori	r23, 0x53	; 83
  a4:	72 2f       	mov	r23, r18
  a6:	44 65       	ori	r20, 0x54	; 84
  a8:	76 50       	subi	r23, 0x06	; 6
  aa:	72 6f       	ori	r23, 0xF2	; 242
  ac:	6a 65       	ori	r22, 0x5A	; 90
  ae:	63 74       	andi	r22, 0x43	; 67
  b0:	73 2f       	mov	r23, r19
  b2:	6e 69       	ori	r22, 0x9E	; 158
  b4:	63 68       	ori	r22, 0x83	; 131
  b6:	65 6d       	ori	r22, 0xD5	; 213
  b8:	61 63       	ori	r22, 0x31	; 49
  ba:	68 69       	ori	r22, 0x98	; 152
  bc:	6e 65       	ori	r22, 0x5E	; 94
  be:	73 2f       	mov	r23, r19
  c0:	46 69       	ori	r20, 0x96	; 150
  c2:	67 4c       	sbci	r22, 0xC7	; 199
  c4:	65 74       	andi	r22, 0x45	; 69
  c6:	2f 50       	subi	r18, 0x0F	; 15
  c8:	72 6f       	ori	r23, 0xF2	; 242
  ca:	6a 65       	ori	r22, 0x5A	; 90
  cc:	63 74       	andi	r22, 0x43	; 67
  ce:	53 6f       	ori	r21, 0xF3	; 243
  d0:	75 72       	andi	r23, 0x25	; 37
  d2:	63 65       	ori	r22, 0x53	; 83
  d4:	2f 46       	sbci	r18, 0x6F	; 111
  d6:	69 72       	andi	r22, 0x29	; 41
  d8:	6d 77       	andi	r22, 0x7D	; 125
  da:	61 72       	andi	r22, 0x21	; 33
  dc:	65 2f       	mov	r22, r21
  de:	44 65       	ori	r20, 0x54	; 84
  e0:	62 75       	andi	r22, 0x52	; 82
  e2:	67 2f       	mov	r22, r23
  e4:	42 6c       	ori	r20, 0xC2	; 194
  e6:	69 74       	andi	r22, 0x49	; 73
  e8:	74 65       	ori	r23, 0x54	; 84
  ea:	72 00       	.word	0x0072	; ????
  ec:	6c 6f       	ori	r22, 0xFC	; 252
  ee:	6e 67       	ori	r22, 0x7E	; 126
  f0:	20 6c       	ori	r18, 0xC0	; 192
  f2:	6f 6e       	ori	r22, 0xEF	; 239
  f4:	67 20       	and	r6, r7
  f6:	69 6e       	ori	r22, 0xE9	; 233
  f8:	74 00       	.word	0x0074	; ????
  fa:	75 73       	andi	r23, 0x35	; 53
  fc:	68 6f       	ori	r22, 0xF8	; 248
  fe:	72 74       	andi	r23, 0x42	; 66
 100:	00 6d       	ori	r16, 0xD0	; 208
 102:	61 69       	ori	r22, 0x91	; 145
 104:	6e 2e       	mov	r6, r30
 106:	63 00       	.word	0x0063	; ????
 108:	44 75       	andi	r20, 0x54	; 84
 10a:	6d 70       	andi	r22, 0x0D	; 13
 10c:	00 73       	andi	r16, 0x30	; 48
 10e:	74 61       	ori	r23, 0x14	; 20
 110:	63 6b       	ori	r22, 0xB3	; 179
 112:	46 72       	andi	r20, 0x26	; 38
 114:	61 6d       	ori	r22, 0xD1	; 209
 116:	65 00       	.word	0x0065	; ????
 118:	67 4b       	sbci	r22, 0xB7	; 183
 11a:	53 63       	ori	r21, 0x33	; 51
 11c:	61 6e       	ori	r22, 0xE1	; 225
	...

Disassembly of section .debug_loc:

00000000 <.debug_loc>:
   0:	0e 00       	.word	0x000e	; ????
   2:	00 00       	nop
   4:	2a 00       	.word	0x002a	; ????
   6:	00 00       	nop
   8:	01 00       	.word	0x0001	; ????
   a:	61 00       	.word	0x0061	; ????
   c:	00 00       	nop
   e:	00 00       	nop
  10:	00 00       	nop
	...
