
BlitFirm.elf:     file format elf32-avr


Disassembly of section .text:

00000000 <__vectors>:
   0:	19 c0       	rjmp	.+50     	; 0x34 <__ctors_end>
   2:	28 c0       	rjmp	.+80     	; 0x54 <__bad_interrupt>
   4:	27 c0       	rjmp	.+78     	; 0x54 <__bad_interrupt>
   6:	26 c0       	rjmp	.+76     	; 0x54 <__bad_interrupt>
   8:	25 c0       	rjmp	.+74     	; 0x54 <__bad_interrupt>
   a:	24 c0       	rjmp	.+72     	; 0x54 <__bad_interrupt>
   c:	23 c0       	rjmp	.+70     	; 0x54 <__bad_interrupt>
   e:	22 c0       	rjmp	.+68     	; 0x54 <__bad_interrupt>
  10:	21 c0       	rjmp	.+66     	; 0x54 <__bad_interrupt>
  12:	20 c0       	rjmp	.+64     	; 0x54 <__bad_interrupt>
  14:	1f c0       	rjmp	.+62     	; 0x54 <__bad_interrupt>
  16:	1e c0       	rjmp	.+60     	; 0x54 <__bad_interrupt>
  18:	1d c0       	rjmp	.+58     	; 0x54 <__bad_interrupt>
  1a:	1c c0       	rjmp	.+56     	; 0x54 <__bad_interrupt>
  1c:	1b c0       	rjmp	.+54     	; 0x54 <__bad_interrupt>
  1e:	1a c0       	rjmp	.+52     	; 0x54 <__bad_interrupt>
  20:	19 c0       	rjmp	.+50     	; 0x54 <__bad_interrupt>
  22:	18 c0       	rjmp	.+48     	; 0x54 <__bad_interrupt>
  24:	17 c0       	rjmp	.+46     	; 0x54 <__bad_interrupt>
  26:	16 c0       	rjmp	.+44     	; 0x54 <__bad_interrupt>
  28:	15 c0       	rjmp	.+42     	; 0x54 <__bad_interrupt>
  2a:	14 c0       	rjmp	.+40     	; 0x54 <__bad_interrupt>
  2c:	13 c0       	rjmp	.+38     	; 0x54 <__bad_interrupt>
  2e:	12 c0       	rjmp	.+36     	; 0x54 <__bad_interrupt>
  30:	11 c0       	rjmp	.+34     	; 0x54 <__bad_interrupt>
  32:	10 c0       	rjmp	.+32     	; 0x54 <__bad_interrupt>

00000034 <__ctors_end>:
  34:	11 24       	eor	r1, r1
  36:	1f be       	out	0x3f, r1	; 63
  38:	cd ef       	ldi	r28, 0xFD	; 253
  3a:	d2 e0       	ldi	r29, 0x02	; 2
  3c:	de bf       	out	0x3e, r29	; 62
  3e:	cd bf       	out	0x3d, r28	; 61

00000040 <__do_clear_bss>:
  40:	11 e0       	ldi	r17, 0x01	; 1
  42:	a0 e0       	ldi	r26, 0x00	; 0
  44:	b1 e0       	ldi	r27, 0x01	; 1
  46:	01 c0       	rjmp	.+2      	; 0x4a <.do_clear_bss_start>

00000048 <.do_clear_bss_loop>:
  48:	1d 92       	st	X+, r1

0000004a <.do_clear_bss_start>:
  4a:	ac 3b       	cpi	r26, 0xBC	; 188
  4c:	b1 07       	cpc	r27, r17
  4e:	e1 f7       	brne	.-8      	; 0x48 <.do_clear_bss_loop>
  50:	0d d1       	rcall	.+538    	; 0x26c <main>
  52:	11 c1       	rjmp	.+546    	; 0x276 <_exit>

00000054 <__bad_interrupt>:
  54:	d5 cf       	rjmp	.-86     	; 0x0 <__vectors>

00000056 <BlitQuickShift>:
  56:	98 2f       	mov	r25, r24
  58:	80 e8       	ldi	r24, 0x80	; 128
  5a:	92 fd       	sbrc	r25, 2
  5c:	88 e0       	ldi	r24, 0x08	; 8
  5e:	91 ff       	sbrs	r25, 1
  60:	02 c0       	rjmp	.+4      	; 0x66 <BlitQuickShift01>
  62:	86 95       	lsr	r24
  64:	86 95       	lsr	r24

00000066 <BlitQuickShift01>:
  66:	90 fd       	sbrc	r25, 0
  68:	86 95       	lsr	r24
  6a:	99 27       	eor	r25, r25
  6c:	08 95       	ret

0000006e <BlitTileCalc>:
  6e:	98 e0       	ldi	r25, 0x08	; 8
  70:	89 9f       	mul	r24, r25
  72:	80 e4       	ldi	r24, 0x40	; 64
  74:	92 e0       	ldi	r25, 0x02	; 2
  76:	80 0d       	add	r24, r0
  78:	91 1d       	adc	r25, r1
  7a:	11 24       	eor	r1, r1
  7c:	08 95       	ret

0000007e <BlitSramAddr>:
  7e:	78 2f       	mov	r23, r24
  80:	88 7f       	andi	r24, 0xF8	; 248
  82:	96 2f       	mov	r25, r22
  84:	97 70       	andi	r25, 0x07	; 7
  86:	89 0f       	add	r24, r25
  88:	99 27       	eor	r25, r25
  8a:	80 58       	subi	r24, 0x80	; 128
  8c:	9c 41       	sbci	r25, 0x1C	; 28
  8e:	44 e1       	ldi	r20, 0x14	; 20
  90:	68 7f       	andi	r22, 0xF8	; 248
  92:	64 9f       	mul	r22, r20
  94:	80 0d       	add	r24, r0
  96:	91 1d       	adc	r25, r1
  98:	11 24       	eor	r1, r1
  9a:	08 95       	ret

0000009c <BlitTile>:
  9c:	66 0f       	add	r22, r22
  9e:	66 0f       	add	r22, r22
  a0:	77 0f       	add	r23, r23
  a2:	67 9f       	mul	r22, r23
  a4:	9c 01       	movw	r18, r24
  a6:	ca 01       	movw	r24, r20
  a8:	a0 01       	movw	r20, r0
  aa:	e1 df       	rcall	.-62     	; 0x6e <BlitTileCalc>
  ac:	bc 01       	movw	r22, r24
  ae:	c9 01       	movw	r24, r18
  b0:	96 c0       	rjmp	.+300    	; 0x1de <Dump3>

000000b2 <BlitClip>:
  b2:	80 93 b7 01 	sts	0x01B7, r24
  b6:	60 93 b8 01 	sts	0x01B8, r22
  ba:	80 91 aa 01 	lds	r24, 0x01AA
  be:	80 93 b6 01 	sts	0x01B6, r24
  c2:	80 91 a8 01 	lds	r24, 0x01A8
  c6:	80 93 a9 01 	sts	0x01A9, r24
  ca:	08 95       	ret

000000cc <BltTopStrip>:
  cc:	78 2c       	mov	r7, r8
  ce:	d0 2e       	mov	r13, r16
  d0:	0a c0       	rjmp	.+20     	; 0xe6 <BltTopStrip12>

000000d2 <BltTopStrip10>:
  d2:	07 e0       	ldi	r16, 0x07	; 7
  d4:	a0 2e       	mov	r10, r16

000000d6 <BltTopStrip11>:
  d6:	0d b5       	in	r16, 0x2d	; 45
  d8:	07 ff       	sbrs	r16, 7
  da:	fd cf       	rjmp	.-6      	; 0xd6 <BltTopStrip11>
  dc:	0e b5       	in	r16, 0x2e	; 46
  de:	0e bd       	out	0x2e, r16	; 46
  e0:	0c 93       	st	X, r16
  e2:	21 96       	adiw	r28, 0x01	; 1
  e4:	aa 94       	dec	r10

000000e6 <BltTopStrip12>:
  e6:	ab 14       	cp	r10, r11
  e8:	b4 f3       	brlt	.-20     	; 0xd6 <BltTopStrip11>

000000ea <BltTopStrip13>:
  ea:	0d b5       	in	r16, 0x2d	; 45
  ec:	07 ff       	sbrs	r16, 7
  ee:	fd cf       	rjmp	.-6      	; 0xea <BltTopStrip13>
  f0:	0e b5       	in	r16, 0x2e	; 46
  f2:	0e bd       	out	0x2e, r16	; 46
  f4:	18 85       	ldd	r17, Y+8	; 0x08
  f6:	16 9d       	mul	r17, r6
  f8:	1d 20       	and	r1, r13
  fa:	01 25       	eor	r16, r1
  fc:	18 81       	ld	r17, Y
  fe:	16 9d       	mul	r17, r6
 100:	0d 20       	and	r0, r13
 102:	00 25       	eor	r16, r0

00000104 <BltTopStrip14>:
 104:	0d 93       	st	X+, r16
 106:	21 96       	adiw	r28, 0x01	; 1

00000108 <BltTopStrip15>:
 108:	aa 94       	dec	r10
 10a:	7a f3       	brmi	.-34     	; 0xea <BltTopStrip13>
 10c:	de 2c       	mov	r13, r14
 10e:	7a 94       	dec	r7
 110:	02 f7       	brpl	.-64     	; 0xd2 <BltTopStrip10>
 112:	df 2c       	mov	r13, r15
 114:	f1 f2       	breq	.-68     	; 0xd2 <BltTopStrip10>
 116:	cc 19       	sub	r28, r12
 118:	c5 09       	sbc	r28, r5
 11a:	9a 94       	dec	r9
 11c:	08 95       	ret

0000011e <BltMidStrip>:
 11e:	9a 94       	dec	r9

00000120 <BltBotStrip>:
 120:	08 95       	ret

00000122 <BlitBlt>:
 122:	5f 92       	push	r5
 124:	6f 92       	push	r6
 126:	7f 92       	push	r7
 128:	8f 92       	push	r8
 12a:	9f 92       	push	r9
 12c:	af 92       	push	r10
 12e:	bf 92       	push	r11
 130:	cf 92       	push	r12
 132:	df 92       	push	r13
 134:	ef 92       	push	r14
 136:	ff 92       	push	r15
 138:	cf 93       	push	r28
 13a:	df 93       	push	r29
 13c:	55 24       	eor	r5, r5
 13e:	c7 2e       	mov	r12, r23
 140:	cc 0c       	add	r12, r12
 142:	cc 0c       	add	r12, r12
 144:	cc 0c       	add	r12, r12
 146:	c7 1a       	sub	r12, r23
 148:	92 df       	rcall	.-220    	; 0x6e <BlitTileCalc>
 14a:	ec 01       	movw	r28, r24
 14c:	80 91 aa 01 	lds	r24, 0x01AA
 150:	87 70       	andi	r24, 0x07	; 7
 152:	09 f4       	brne	.+2      	; 0x156 <BlitBlt10>
 154:	73 95       	inc	r23

00000156 <BlitBlt10>:
 156:	7f df       	rcall	.-258    	; 0x56 <BlitQuickShift>
 158:	88 0f       	add	r24, r24
 15a:	99 1f       	adc	r25, r25
 15c:	86 2b       	or	r24, r22
 15e:	68 2e       	mov	r6, r24
 160:	80 91 a8 01 	lds	r24, 0x01A8
 164:	87 70       	andi	r24, 0x07	; 7
 166:	09 f4       	brne	.+2      	; 0x16a <BlitBlt14>
 168:	63 95       	inc	r22

0000016a <BlitBlt14>:
 16a:	97 e0       	ldi	r25, 0x07	; 7
 16c:	98 1b       	sub	r25, r24
 16e:	b9 2e       	mov	r11, r25
 170:	4b 01       	movw	r8, r22
 172:	83 e3       	ldi	r24, 0x33	; 51
 174:	87 1b       	sub	r24, r23
 176:	7b df       	rcall	.-266    	; 0x6e <BlitTileCalc>
 178:	dc 01       	movw	r26, r24
 17a:	80 91 aa 01 	lds	r24, 0x01AA
 17e:	99 27       	eor	r25, r25
 180:	60 91 a8 01 	lds	r22, 0x01A8
 184:	77 27       	eor	r23, r23
 186:	7b df       	rcall	.-266    	; 0x7e <BlitSramAddr>
 188:	0f ef       	ldi	r16, 0xFF	; 255
 18a:	e0 2e       	mov	r14, r16
 18c:	f0 2e       	mov	r15, r16
 18e:	df 91       	pop	r29
 190:	cf 91       	pop	r28
 192:	ff 90       	pop	r15
 194:	ef 90       	pop	r14
 196:	df 90       	pop	r13
 198:	cf 90       	pop	r12
 19a:	bf 90       	pop	r11
 19c:	af 90       	pop	r10
 19e:	9f 90       	pop	r9
 1a0:	8f 90       	pop	r8
 1a2:	7f 90       	pop	r7
 1a4:	6f 90       	pop	r6
 1a6:	5f 90       	pop	r5
 1a8:	08 95       	ret

000001aa <Blit2Blt>:
 1aa:	08 95       	ret

000001ac <BlitBlts>:
 1ac:	08 95       	ret

000001ae <PrintAt>:
 1ae:	28 2f       	mov	r18, r24
 1b0:	f0 9b       	sbis	0x1e, 0	; 30
 1b2:	03 c0       	rjmp	.+6      	; 0x1ba <PrintAt+0xc>
 1b4:	60 93 a8 01 	sts	0x01A8, r22
 1b8:	0a c0       	rjmp	.+20     	; 0x1ce <PrintAt+0x20>
 1ba:	89 e1       	ldi	r24, 0x19	; 25
 1bc:	68 9f       	mul	r22, r24
 1be:	c0 01       	movw	r24, r0
 1c0:	11 24       	eor	r1, r1
 1c2:	80 50       	subi	r24, 0x00	; 0
 1c4:	9f 4f       	sbci	r25, 0xFF	; 255
 1c6:	90 93 a9 01 	sts	0x01A9, r25
 1ca:	80 93 a8 01 	sts	0x01A8, r24
 1ce:	20 93 aa 01 	sts	0x01AA, r18
 1d2:	08 95       	ret

000001d4 <Dump>:
 1d4:	90 93 bb 01 	sts	0x01BB, r25
 1d8:	80 93 ba 01 	sts	0x01BA, r24
 1dc:	08 95       	ret

000001de <Dump3>:
 1de:	cf 92       	push	r12
 1e0:	df 92       	push	r13
 1e2:	ef 92       	push	r14
 1e4:	ff 92       	push	r15
 1e6:	0f 93       	push	r16
 1e8:	1f 93       	push	r17
 1ea:	8c 01       	movw	r16, r24
 1ec:	7b 01       	movw	r14, r22
 1ee:	6a 01       	movw	r12, r20
 1f0:	81 e0       	ldi	r24, 0x01	; 1
 1f2:	90 e0       	ldi	r25, 0x00	; 0
 1f4:	ef df       	rcall	.-34     	; 0x1d4 <Dump>
 1f6:	c8 01       	movw	r24, r16
 1f8:	ed df       	rcall	.-38     	; 0x1d4 <Dump>
 1fa:	82 e0       	ldi	r24, 0x02	; 2
 1fc:	90 e0       	ldi	r25, 0x00	; 0
 1fe:	ea df       	rcall	.-44     	; 0x1d4 <Dump>
 200:	c7 01       	movw	r24, r14
 202:	e8 df       	rcall	.-48     	; 0x1d4 <Dump>
 204:	83 e0       	ldi	r24, 0x03	; 3
 206:	90 e0       	ldi	r25, 0x00	; 0
 208:	e5 df       	rcall	.-54     	; 0x1d4 <Dump>
 20a:	c6 01       	movw	r24, r12
 20c:	e3 df       	rcall	.-58     	; 0x1d4 <Dump>
 20e:	1f 91       	pop	r17
 210:	0f 91       	pop	r16
 212:	ff 90       	pop	r15
 214:	ef 90       	pop	r14
 216:	df 90       	pop	r13
 218:	cf 90       	pop	r12
 21a:	08 95       	ret

0000021c <TestBlitClip>:
 21c:	1f 93       	push	r17
 21e:	cf 93       	push	r28
 220:	df 93       	push	r29
 222:	c8 ea       	ldi	r28, 0xA8	; 168
 224:	d1 e0       	ldi	r29, 0x01	; 1
 226:	fe 01       	movw	r30, r28
 228:	8a ea       	ldi	r24, 0xAA	; 170
 22a:	01 c0       	rjmp	.+2      	; 0x22e <TestBlitClip+0x12>
 22c:	81 93       	st	Z+, r24
 22e:	91 e0       	ldi	r25, 0x01	; 1
 230:	e9 3b       	cpi	r30, 0xB9	; 185
 232:	f9 07       	cpc	r31, r25
 234:	d9 f3       	breq	.-10     	; 0x22c <TestBlitClip+0x10>
 236:	d0 f3       	brcs	.-12     	; 0x22c <TestBlitClip+0x10>
 238:	81 e0       	ldi	r24, 0x01	; 1
 23a:	8e bb       	out	0x1e, r24	; 30
 23c:	82 e8       	ldi	r24, 0x82	; 130
 23e:	6f e5       	ldi	r22, 0x5F	; 95
 240:	b6 df       	rcall	.-148    	; 0x1ae <PrintAt>
 242:	8c e2       	ldi	r24, 0x2C	; 44
 244:	66 e4       	ldi	r22, 0x46	; 70
 246:	35 df       	rcall	.-406    	; 0xb2 <BlitClip>
 248:	10 e0       	ldi	r17, 0x00	; 0
 24a:	07 c0       	rjmp	.+14     	; 0x25a <TestBlitClip+0x3e>
 24c:	81 2f       	mov	r24, r17
 24e:	1f 5f       	subi	r17, 0xFF	; 255
 250:	90 e0       	ldi	r25, 0x00	; 0
 252:	c0 df       	rcall	.-128    	; 0x1d4 <Dump>
 254:	89 91       	ld	r24, Y+
 256:	90 e0       	ldi	r25, 0x00	; 0
 258:	bd df       	rcall	.-134    	; 0x1d4 <Dump>
 25a:	81 e0       	ldi	r24, 0x01	; 1
 25c:	c9 3b       	cpi	r28, 0xB9	; 185
 25e:	d8 07       	cpc	r29, r24
 260:	a9 f3       	breq	.-22     	; 0x24c <TestBlitClip+0x30>
 262:	a0 f3       	brcs	.-24     	; 0x24c <TestBlitClip+0x30>
 264:	df 91       	pop	r29
 266:	cf 91       	pop	r28
 268:	1f 91       	pop	r17
 26a:	08 95       	ret

0000026c <main>:
 26c:	d7 df       	rcall	.-82     	; 0x21c <TestBlitClip>
 26e:	8f ef       	ldi	r24, 0xFF	; 255
 270:	9f ef       	ldi	r25, 0xFF	; 255
 272:	b0 df       	rcall	.-160    	; 0x1d4 <Dump>
 274:	08 95       	ret

00000276 <_exit>:
 276:	f8 94       	cli

00000278 <__stop_program>:
 278:	ff cf       	rjmp	.-2      	; 0x278 <__stop_program>

Disassembly of section .bss:

00800100 <__bss_start>:
	...

008001a8 <gSysVars>:
	...

008001ba <dumpIt>:
	...

Disassembly of section .stab:

00000000 <_end-0x8001bc>:
   0:	01 00       	.word	0x0001	; ????
   2:	00 00       	nop
   4:	00 00       	nop
   6:	8e 00       	.word	0x008e	; ????
   8:	82 00       	.word	0x0082	; ????
   a:	00 00       	nop
   c:	01 00       	.word	0x0001	; ????
   e:	00 00       	nop
  10:	64 00       	.word	0x0064	; ????
  12:	00 00       	nop
  14:	54 00       	.word	0x0054	; ????
  16:	00 00       	nop
  18:	3f 00       	.word	0x003f	; ????
  1a:	00 00       	nop
  1c:	80 00       	.word	0x0080	; ????
  1e:	00 00       	nop
  20:	00 00       	nop
  22:	00 00       	nop
  24:	49 00       	.word	0x0049	; ????
  26:	00 00       	nop
  28:	24 00       	.word	0x0024	; ????
  2a:	33 00       	.word	0x0033	; ????
  2c:	00 00       	nop
  2e:	00 00       	nop
  30:	56 00       	.word	0x0056	; ????
  32:	00 00       	nop
  34:	84 00       	.word	0x0084	; ????
	...
  3e:	00 00       	nop
  40:	44 00       	.word	0x0044	; ????
  42:	34 00       	.word	0x0034	; ????
	...
  4c:	44 00       	.word	0x0044	; ????
  4e:	35 00       	.word	0x0035	; ????
  50:	02 00       	.word	0x0002	; ????
  52:	00 00       	nop
  54:	00 00       	nop
  56:	00 00       	nop
  58:	44 00       	.word	0x0044	; ????
  5a:	36 00       	.word	0x0036	; ????
  5c:	04 00       	.word	0x0004	; ????
  5e:	00 00       	nop
  60:	00 00       	nop
  62:	00 00       	nop
  64:	44 00       	.word	0x0044	; ????
  66:	37 00       	.word	0x0037	; ????
  68:	06 00       	.word	0x0006	; ????
  6a:	00 00       	nop
  6c:	00 00       	nop
  6e:	00 00       	nop
  70:	44 00       	.word	0x0044	; ????
  72:	38 00       	.word	0x0038	; ????
  74:	08 00       	.word	0x0008	; ????
  76:	00 00       	nop
  78:	00 00       	nop
  7a:	00 00       	nop
  7c:	44 00       	.word	0x0044	; ????
  7e:	39 00       	.word	0x0039	; ????
  80:	0a 00       	.word	0x000a	; ????
  82:	00 00       	nop
  84:	00 00       	nop
  86:	00 00       	nop
  88:	44 00       	.word	0x0044	; ????
  8a:	3a 00       	.word	0x003a	; ????
  8c:	0c 00       	.word	0x000c	; ????
  8e:	00 00       	nop
  90:	00 00       	nop
  92:	00 00       	nop
  94:	44 00       	.word	0x0044	; ????
  96:	3b 00       	.word	0x003b	; ????
  98:	0e 00       	.word	0x000e	; ????
  9a:	00 00       	nop
  9c:	00 00       	nop
  9e:	00 00       	nop
  a0:	44 00       	.word	0x0044	; ????
  a2:	3c 00       	.word	0x003c	; ????
  a4:	10 00       	.word	0x0010	; ????
  a6:	00 00       	nop
  a8:	00 00       	nop
  aa:	00 00       	nop
  ac:	44 00       	.word	0x0044	; ????
  ae:	3d 00       	.word	0x003d	; ????
  b0:	12 00       	.word	0x0012	; ????
  b2:	00 00       	nop
  b4:	00 00       	nop
  b6:	00 00       	nop
  b8:	44 00       	.word	0x0044	; ????
  ba:	3e 00       	.word	0x003e	; ????
  bc:	14 00       	.word	0x0014	; ????
  be:	00 00       	nop
  c0:	00 00       	nop
  c2:	00 00       	nop
  c4:	44 00       	.word	0x0044	; ????
  c6:	3f 00       	.word	0x003f	; ????
  c8:	16 00       	.word	0x0016	; ????
  ca:	00 00       	nop
  cc:	00 00       	nop
  ce:	00 00       	nop
  d0:	44 00       	.word	0x0044	; ????
  d2:	40 00       	.word	0x0040	; ????
  d4:	18 00       	.word	0x0018	; ????
  d6:	00 00       	nop
  d8:	00 00       	nop
  da:	00 00       	nop
  dc:	44 00       	.word	0x0044	; ????
  de:	41 00       	.word	0x0041	; ????
  e0:	1a 00       	.word	0x001a	; ????
  e2:	00 00       	nop
  e4:	00 00       	nop
  e6:	00 00       	nop
  e8:	44 00       	.word	0x0044	; ????
  ea:	42 00       	.word	0x0042	; ????
  ec:	1c 00       	.word	0x001c	; ????
  ee:	00 00       	nop
  f0:	00 00       	nop
  f2:	00 00       	nop
  f4:	44 00       	.word	0x0044	; ????
  f6:	43 00       	.word	0x0043	; ????
  f8:	1e 00       	.word	0x001e	; ????
  fa:	00 00       	nop
  fc:	00 00       	nop
  fe:	00 00       	nop
 100:	44 00       	.word	0x0044	; ????
 102:	44 00       	.word	0x0044	; ????
 104:	20 00       	.word	0x0020	; ????
 106:	00 00       	nop
 108:	00 00       	nop
 10a:	00 00       	nop
 10c:	44 00       	.word	0x0044	; ????
 10e:	45 00       	.word	0x0045	; ????
 110:	22 00       	.word	0x0022	; ????
 112:	00 00       	nop
 114:	00 00       	nop
 116:	00 00       	nop
 118:	44 00       	.word	0x0044	; ????
 11a:	46 00       	.word	0x0046	; ????
 11c:	24 00       	.word	0x0024	; ????
 11e:	00 00       	nop
 120:	00 00       	nop
 122:	00 00       	nop
 124:	44 00       	.word	0x0044	; ????
 126:	47 00       	.word	0x0047	; ????
 128:	26 00       	.word	0x0026	; ????
 12a:	00 00       	nop
 12c:	00 00       	nop
 12e:	00 00       	nop
 130:	44 00       	.word	0x0044	; ????
 132:	48 00       	.word	0x0048	; ????
 134:	28 00       	.word	0x0028	; ????
 136:	00 00       	nop
 138:	00 00       	nop
 13a:	00 00       	nop
 13c:	44 00       	.word	0x0044	; ????
 13e:	49 00       	.word	0x0049	; ????
 140:	2a 00       	.word	0x002a	; ????
 142:	00 00       	nop
 144:	00 00       	nop
 146:	00 00       	nop
 148:	44 00       	.word	0x0044	; ????
 14a:	4a 00       	.word	0x004a	; ????
 14c:	2c 00       	.word	0x002c	; ????
 14e:	00 00       	nop
 150:	00 00       	nop
 152:	00 00       	nop
 154:	44 00       	.word	0x0044	; ????
 156:	4b 00       	.word	0x004b	; ????
 158:	2e 00       	.word	0x002e	; ????
 15a:	00 00       	nop
 15c:	00 00       	nop
 15e:	00 00       	nop
 160:	44 00       	.word	0x0044	; ????
 162:	4c 00       	.word	0x004c	; ????
 164:	30 00       	.word	0x0030	; ????
 166:	00 00       	nop
 168:	00 00       	nop
 16a:	00 00       	nop
 16c:	44 00       	.word	0x0044	; ????
 16e:	4d 00       	.word	0x004d	; ????
 170:	32 00       	.word	0x0032	; ????
 172:	00 00       	nop
 174:	00 00       	nop
 176:	00 00       	nop
 178:	44 00       	.word	0x0044	; ????
 17a:	4e 00       	.word	0x004e	; ????
 17c:	34 00       	.word	0x0034	; ????
 17e:	00 00       	nop
 180:	00 00       	nop
 182:	00 00       	nop
 184:	44 00       	.word	0x0044	; ????
 186:	4f 00       	.word	0x004f	; ????
 188:	34 00       	.word	0x0034	; ????
 18a:	00 00       	nop
 18c:	00 00       	nop
 18e:	00 00       	nop
 190:	44 00       	.word	0x0044	; ????
 192:	50 00       	.word	0x0050	; ????
 194:	34 00       	.word	0x0034	; ????
 196:	00 00       	nop
 198:	00 00       	nop
 19a:	00 00       	nop
 19c:	44 00       	.word	0x0044	; ????
 19e:	51 00       	.word	0x0051	; ????
 1a0:	34 00       	.word	0x0034	; ????
 1a2:	00 00       	nop
 1a4:	00 00       	nop
 1a6:	00 00       	nop
 1a8:	44 00       	.word	0x0044	; ????
 1aa:	52 00       	.word	0x0052	; ????
 1ac:	34 00       	.word	0x0034	; ????
 1ae:	00 00       	nop
 1b0:	00 00       	nop
 1b2:	00 00       	nop
 1b4:	44 00       	.word	0x0044	; ????
 1b6:	53 00       	.word	0x0053	; ????
 1b8:	34 00       	.word	0x0034	; ????
 1ba:	00 00       	nop
 1bc:	00 00       	nop
 1be:	00 00       	nop
 1c0:	44 00       	.word	0x0044	; ????
 1c2:	54 00       	.word	0x0054	; ????
 1c4:	34 00       	.word	0x0034	; ????
 1c6:	00 00       	nop
 1c8:	00 00       	nop
 1ca:	00 00       	nop
 1cc:	44 00       	.word	0x0044	; ????
 1ce:	55 00       	.word	0x0055	; ????
 1d0:	34 00       	.word	0x0034	; ????
 1d2:	00 00       	nop
 1d4:	00 00       	nop
 1d6:	00 00       	nop
 1d8:	44 00       	.word	0x0044	; ????
 1da:	56 00       	.word	0x0056	; ????
 1dc:	34 00       	.word	0x0034	; ????
 1de:	00 00       	nop
 1e0:	00 00       	nop
 1e2:	00 00       	nop
 1e4:	44 00       	.word	0x0044	; ????
 1e6:	57 00       	.word	0x0057	; ????
 1e8:	34 00       	.word	0x0034	; ????
 1ea:	00 00       	nop
 1ec:	00 00       	nop
 1ee:	00 00       	nop
 1f0:	44 00       	.word	0x0044	; ????
 1f2:	58 00       	.word	0x0058	; ????
 1f4:	34 00       	.word	0x0034	; ????
 1f6:	00 00       	nop
 1f8:	00 00       	nop
 1fa:	00 00       	nop
 1fc:	44 00       	.word	0x0044	; ????
 1fe:	59 00       	.word	0x0059	; ????
 200:	34 00       	.word	0x0034	; ????
 202:	00 00       	nop
 204:	00 00       	nop
 206:	00 00       	nop
 208:	44 00       	.word	0x0044	; ????
 20a:	5a 00       	.word	0x005a	; ????
 20c:	34 00       	.word	0x0034	; ????
 20e:	00 00       	nop
 210:	00 00       	nop
 212:	00 00       	nop
 214:	44 00       	.word	0x0044	; ????
 216:	5b 00       	.word	0x005b	; ????
 218:	34 00       	.word	0x0034	; ????
 21a:	00 00       	nop
 21c:	00 00       	nop
 21e:	00 00       	nop
 220:	44 00       	.word	0x0044	; ????
 222:	5c 00       	.word	0x005c	; ????
 224:	34 00       	.word	0x0034	; ????
 226:	00 00       	nop
 228:	00 00       	nop
 22a:	00 00       	nop
 22c:	44 00       	.word	0x0044	; ????
 22e:	5d 00       	.word	0x005d	; ????
 230:	34 00       	.word	0x0034	; ????
 232:	00 00       	nop
 234:	00 00       	nop
 236:	00 00       	nop
 238:	44 00       	.word	0x0044	; ????
 23a:	5e 00       	.word	0x005e	; ????
 23c:	34 00       	.word	0x0034	; ????
 23e:	00 00       	nop
 240:	00 00       	nop
 242:	00 00       	nop
 244:	44 00       	.word	0x0044	; ????
 246:	5f 00       	.word	0x005f	; ????
 248:	34 00       	.word	0x0034	; ????
 24a:	00 00       	nop
 24c:	00 00       	nop
 24e:	00 00       	nop
 250:	44 00       	.word	0x0044	; ????
 252:	60 00       	.word	0x0060	; ????
 254:	34 00       	.word	0x0034	; ????
 256:	00 00       	nop
 258:	00 00       	nop
 25a:	00 00       	nop
 25c:	44 00       	.word	0x0044	; ????
 25e:	61 00       	.word	0x0061	; ????
 260:	34 00       	.word	0x0034	; ????
 262:	00 00       	nop
 264:	00 00       	nop
 266:	00 00       	nop
 268:	44 00       	.word	0x0044	; ????
 26a:	62 00       	.word	0x0062	; ????
 26c:	34 00       	.word	0x0034	; ????
 26e:	00 00       	nop
 270:	00 00       	nop
 272:	00 00       	nop
 274:	44 00       	.word	0x0044	; ????
 276:	63 00       	.word	0x0063	; ????
 278:	34 00       	.word	0x0034	; ????
 27a:	00 00       	nop
 27c:	00 00       	nop
 27e:	00 00       	nop
 280:	44 00       	.word	0x0044	; ????
 282:	64 00       	.word	0x0064	; ????
 284:	34 00       	.word	0x0034	; ????
 286:	00 00       	nop
 288:	00 00       	nop
 28a:	00 00       	nop
 28c:	44 00       	.word	0x0044	; ????
 28e:	65 00       	.word	0x0065	; ????
 290:	34 00       	.word	0x0034	; ????
 292:	00 00       	nop
 294:	00 00       	nop
 296:	00 00       	nop
 298:	44 00       	.word	0x0044	; ????
 29a:	66 00       	.word	0x0066	; ????
 29c:	34 00       	.word	0x0034	; ????
 29e:	00 00       	nop
 2a0:	00 00       	nop
 2a2:	00 00       	nop
 2a4:	44 00       	.word	0x0044	; ????
 2a6:	67 00       	.word	0x0067	; ????
 2a8:	34 00       	.word	0x0034	; ????
 2aa:	00 00       	nop
 2ac:	00 00       	nop
 2ae:	00 00       	nop
 2b0:	44 00       	.word	0x0044	; ????
 2b2:	68 00       	.word	0x0068	; ????
 2b4:	34 00       	.word	0x0034	; ????
 2b6:	00 00       	nop
 2b8:	00 00       	nop
 2ba:	00 00       	nop
 2bc:	44 00       	.word	0x0044	; ????
 2be:	69 00       	.word	0x0069	; ????
 2c0:	34 00       	.word	0x0034	; ????
 2c2:	00 00       	nop
 2c4:	00 00       	nop
 2c6:	00 00       	nop
 2c8:	44 00       	.word	0x0044	; ????
 2ca:	6a 00       	.word	0x006a	; ????
 2cc:	34 00       	.word	0x0034	; ????
 2ce:	00 00       	nop
 2d0:	00 00       	nop
 2d2:	00 00       	nop
 2d4:	44 00       	.word	0x0044	; ????
 2d6:	6b 00       	.word	0x006b	; ????
 2d8:	34 00       	.word	0x0034	; ????
 2da:	00 00       	nop
 2dc:	00 00       	nop
 2de:	00 00       	nop
 2e0:	44 00       	.word	0x0044	; ????
 2e2:	6c 00       	.word	0x006c	; ????
 2e4:	34 00       	.word	0x0034	; ????
 2e6:	00 00       	nop
 2e8:	00 00       	nop
 2ea:	00 00       	nop
 2ec:	44 00       	.word	0x0044	; ????
 2ee:	6d 00       	.word	0x006d	; ????
 2f0:	34 00       	.word	0x0034	; ????
 2f2:	00 00       	nop
 2f4:	00 00       	nop
 2f6:	00 00       	nop
 2f8:	44 00       	.word	0x0044	; ????
 2fa:	6e 00       	.word	0x006e	; ????
 2fc:	34 00       	.word	0x0034	; ????
 2fe:	00 00       	nop
 300:	00 00       	nop
 302:	00 00       	nop
 304:	44 00       	.word	0x0044	; ????
 306:	6f 00       	.word	0x006f	; ????
 308:	34 00       	.word	0x0034	; ????
 30a:	00 00       	nop
 30c:	00 00       	nop
 30e:	00 00       	nop
 310:	44 00       	.word	0x0044	; ????
 312:	70 00       	.word	0x0070	; ????
 314:	34 00       	.word	0x0034	; ????
 316:	00 00       	nop
 318:	00 00       	nop
 31a:	00 00       	nop
 31c:	44 00       	.word	0x0044	; ????
 31e:	71 00       	.word	0x0071	; ????
 320:	34 00       	.word	0x0034	; ????
 322:	00 00       	nop
 324:	00 00       	nop
 326:	00 00       	nop
 328:	44 00       	.word	0x0044	; ????
 32a:	72 00       	.word	0x0072	; ????
 32c:	34 00       	.word	0x0034	; ????
 32e:	00 00       	nop
 330:	00 00       	nop
 332:	00 00       	nop
 334:	44 00       	.word	0x0044	; ????
 336:	73 00       	.word	0x0073	; ????
 338:	34 00       	.word	0x0034	; ????
 33a:	00 00       	nop
 33c:	00 00       	nop
 33e:	00 00       	nop
 340:	44 00       	.word	0x0044	; ????
 342:	74 00       	.word	0x0074	; ????
 344:	34 00       	.word	0x0034	; ????
 346:	00 00       	nop
 348:	00 00       	nop
 34a:	00 00       	nop
 34c:	44 00       	.word	0x0044	; ????
 34e:	75 00       	.word	0x0075	; ????
 350:	34 00       	.word	0x0034	; ????
 352:	00 00       	nop
 354:	00 00       	nop
 356:	00 00       	nop
 358:	44 00       	.word	0x0044	; ????
 35a:	76 00       	.word	0x0076	; ????
 35c:	34 00       	.word	0x0034	; ????
 35e:	00 00       	nop
 360:	00 00       	nop
 362:	00 00       	nop
 364:	44 00       	.word	0x0044	; ????
 366:	77 00       	.word	0x0077	; ????
 368:	34 00       	.word	0x0034	; ????
 36a:	00 00       	nop
 36c:	00 00       	nop
 36e:	00 00       	nop
 370:	44 00       	.word	0x0044	; ????
 372:	78 00       	.word	0x0078	; ????
 374:	34 00       	.word	0x0034	; ????
 376:	00 00       	nop
 378:	00 00       	nop
 37a:	00 00       	nop
 37c:	44 00       	.word	0x0044	; ????
 37e:	79 00       	.word	0x0079	; ????
 380:	34 00       	.word	0x0034	; ????
 382:	00 00       	nop
 384:	00 00       	nop
 386:	00 00       	nop
 388:	44 00       	.word	0x0044	; ????
 38a:	7a 00       	.word	0x007a	; ????
 38c:	34 00       	.word	0x0034	; ????
 38e:	00 00       	nop
 390:	00 00       	nop
 392:	00 00       	nop
 394:	44 00       	.word	0x0044	; ????
 396:	7b 00       	.word	0x007b	; ????
 398:	34 00       	.word	0x0034	; ????
 39a:	00 00       	nop
 39c:	00 00       	nop
 39e:	00 00       	nop
 3a0:	44 00       	.word	0x0044	; ????
 3a2:	7c 00       	.word	0x007c	; ????
 3a4:	34 00       	.word	0x0034	; ????
 3a6:	00 00       	nop
 3a8:	00 00       	nop
 3aa:	00 00       	nop
 3ac:	44 00       	.word	0x0044	; ????
 3ae:	7d 00       	.word	0x007d	; ????
 3b0:	34 00       	.word	0x0034	; ????
 3b2:	00 00       	nop
 3b4:	00 00       	nop
 3b6:	00 00       	nop
 3b8:	44 00       	.word	0x0044	; ????
 3ba:	7e 00       	.word	0x007e	; ????
 3bc:	34 00       	.word	0x0034	; ????
 3be:	00 00       	nop
 3c0:	00 00       	nop
 3c2:	00 00       	nop
 3c4:	44 00       	.word	0x0044	; ????
 3c6:	7f 00       	.word	0x007f	; ????
 3c8:	34 00       	.word	0x0034	; ????
 3ca:	00 00       	nop
 3cc:	00 00       	nop
 3ce:	00 00       	nop
 3d0:	44 00       	.word	0x0044	; ????
 3d2:	80 00       	.word	0x0080	; ????
 3d4:	34 00       	.word	0x0034	; ????
 3d6:	00 00       	nop
 3d8:	00 00       	nop
 3da:	00 00       	nop
 3dc:	44 00       	.word	0x0044	; ????
 3de:	81 00       	.word	0x0081	; ????
 3e0:	34 00       	.word	0x0034	; ????
 3e2:	00 00       	nop
 3e4:	00 00       	nop
 3e6:	00 00       	nop
 3e8:	44 00       	.word	0x0044	; ????
 3ea:	82 00       	.word	0x0082	; ????
 3ec:	34 00       	.word	0x0034	; ????
 3ee:	00 00       	nop
 3f0:	00 00       	nop
 3f2:	00 00       	nop
 3f4:	44 00       	.word	0x0044	; ????
 3f6:	83 00       	.word	0x0083	; ????
 3f8:	34 00       	.word	0x0034	; ????
 3fa:	00 00       	nop
 3fc:	00 00       	nop
 3fe:	00 00       	nop
 400:	44 00       	.word	0x0044	; ????
 402:	84 00       	.word	0x0084	; ????
 404:	34 00       	.word	0x0034	; ????
 406:	00 00       	nop
 408:	00 00       	nop
 40a:	00 00       	nop
 40c:	44 00       	.word	0x0044	; ????
 40e:	85 00       	.word	0x0085	; ????
 410:	34 00       	.word	0x0034	; ????
 412:	00 00       	nop
 414:	00 00       	nop
 416:	00 00       	nop
 418:	44 00       	.word	0x0044	; ????
 41a:	86 00       	.word	0x0086	; ????
 41c:	34 00       	.word	0x0034	; ????
 41e:	00 00       	nop
 420:	00 00       	nop
 422:	00 00       	nop
 424:	44 00       	.word	0x0044	; ????
 426:	87 00       	.word	0x0087	; ????
 428:	34 00       	.word	0x0034	; ????
 42a:	00 00       	nop
 42c:	00 00       	nop
 42e:	00 00       	nop
 430:	44 00       	.word	0x0044	; ????
 432:	88 00       	.word	0x0088	; ????
 434:	34 00       	.word	0x0034	; ????
 436:	00 00       	nop
 438:	00 00       	nop
 43a:	00 00       	nop
 43c:	44 00       	.word	0x0044	; ????
 43e:	89 00       	.word	0x0089	; ????
 440:	34 00       	.word	0x0034	; ????
 442:	00 00       	nop
 444:	00 00       	nop
 446:	00 00       	nop
 448:	44 00       	.word	0x0044	; ????
 44a:	8a 00       	.word	0x008a	; ????
 44c:	34 00       	.word	0x0034	; ????
 44e:	00 00       	nop
 450:	00 00       	nop
 452:	00 00       	nop
 454:	44 00       	.word	0x0044	; ????
 456:	8b 00       	.word	0x008b	; ????
 458:	34 00       	.word	0x0034	; ????
 45a:	00 00       	nop
 45c:	00 00       	nop
 45e:	00 00       	nop
 460:	44 00       	.word	0x0044	; ????
 462:	8c 00       	.word	0x008c	; ????
 464:	34 00       	.word	0x0034	; ????
 466:	00 00       	nop
 468:	00 00       	nop
 46a:	00 00       	nop
 46c:	44 00       	.word	0x0044	; ????
 46e:	8d 00       	.word	0x008d	; ????
 470:	34 00       	.word	0x0034	; ????
 472:	00 00       	nop
 474:	00 00       	nop
 476:	00 00       	nop
 478:	44 00       	.word	0x0044	; ????
 47a:	8e 00       	.word	0x008e	; ????
 47c:	34 00       	.word	0x0034	; ????
 47e:	00 00       	nop
 480:	00 00       	nop
 482:	00 00       	nop
 484:	44 00       	.word	0x0044	; ????
 486:	8f 00       	.word	0x008f	; ????
 488:	34 00       	.word	0x0034	; ????
 48a:	00 00       	nop
 48c:	00 00       	nop
 48e:	00 00       	nop
 490:	44 00       	.word	0x0044	; ????
 492:	90 00       	.word	0x0090	; ????
 494:	34 00       	.word	0x0034	; ????
 496:	00 00       	nop
 498:	00 00       	nop
 49a:	00 00       	nop
 49c:	44 00       	.word	0x0044	; ????
 49e:	91 00       	.word	0x0091	; ????
 4a0:	34 00       	.word	0x0034	; ????
 4a2:	00 00       	nop
 4a4:	00 00       	nop
 4a6:	00 00       	nop
 4a8:	44 00       	.word	0x0044	; ????
 4aa:	92 00       	.word	0x0092	; ????
 4ac:	34 00       	.word	0x0034	; ????
 4ae:	00 00       	nop
 4b0:	00 00       	nop
 4b2:	00 00       	nop
 4b4:	44 00       	.word	0x0044	; ????
 4b6:	93 00       	.word	0x0093	; ????
 4b8:	34 00       	.word	0x0034	; ????
 4ba:	00 00       	nop
 4bc:	00 00       	nop
 4be:	00 00       	nop
 4c0:	44 00       	.word	0x0044	; ????
 4c2:	94 00       	.word	0x0094	; ????
 4c4:	34 00       	.word	0x0034	; ????
 4c6:	00 00       	nop
 4c8:	00 00       	nop
 4ca:	00 00       	nop
 4cc:	44 00       	.word	0x0044	; ????
 4ce:	95 00       	.word	0x0095	; ????
 4d0:	34 00       	.word	0x0034	; ????
 4d2:	00 00       	nop
 4d4:	00 00       	nop
 4d6:	00 00       	nop
 4d8:	44 00       	.word	0x0044	; ????
 4da:	96 00       	.word	0x0096	; ????
 4dc:	34 00       	.word	0x0034	; ????
 4de:	00 00       	nop
 4e0:	00 00       	nop
 4e2:	00 00       	nop
 4e4:	44 00       	.word	0x0044	; ????
 4e6:	97 00       	.word	0x0097	; ????
 4e8:	34 00       	.word	0x0034	; ????
 4ea:	00 00       	nop
 4ec:	00 00       	nop
 4ee:	00 00       	nop
 4f0:	44 00       	.word	0x0044	; ????
 4f2:	98 00       	.word	0x0098	; ????
 4f4:	34 00       	.word	0x0034	; ????
 4f6:	00 00       	nop
 4f8:	00 00       	nop
 4fa:	00 00       	nop
 4fc:	44 00       	.word	0x0044	; ????
 4fe:	99 00       	.word	0x0099	; ????
 500:	34 00       	.word	0x0034	; ????
 502:	00 00       	nop
 504:	00 00       	nop
 506:	00 00       	nop
 508:	44 00       	.word	0x0044	; ????
 50a:	9a 00       	.word	0x009a	; ????
 50c:	34 00       	.word	0x0034	; ????
 50e:	00 00       	nop
 510:	00 00       	nop
 512:	00 00       	nop
 514:	44 00       	.word	0x0044	; ????
 516:	9b 00       	.word	0x009b	; ????
 518:	34 00       	.word	0x0034	; ????
 51a:	00 00       	nop
 51c:	00 00       	nop
 51e:	00 00       	nop
 520:	44 00       	.word	0x0044	; ????
 522:	9c 00       	.word	0x009c	; ????
 524:	34 00       	.word	0x0034	; ????
 526:	00 00       	nop
 528:	00 00       	nop
 52a:	00 00       	nop
 52c:	44 00       	.word	0x0044	; ????
 52e:	9d 00       	.word	0x009d	; ????
 530:	34 00       	.word	0x0034	; ????
 532:	00 00       	nop
 534:	00 00       	nop
 536:	00 00       	nop
 538:	44 00       	.word	0x0044	; ????
 53a:	9e 00       	.word	0x009e	; ????
 53c:	34 00       	.word	0x0034	; ????
 53e:	00 00       	nop
 540:	00 00       	nop
 542:	00 00       	nop
 544:	44 00       	.word	0x0044	; ????
 546:	9f 00       	.word	0x009f	; ????
 548:	34 00       	.word	0x0034	; ????
 54a:	00 00       	nop
 54c:	00 00       	nop
 54e:	00 00       	nop
 550:	44 00       	.word	0x0044	; ????
 552:	a0 00       	.word	0x00a0	; ????
 554:	34 00       	.word	0x0034	; ????
 556:	00 00       	nop
 558:	00 00       	nop
 55a:	00 00       	nop
 55c:	44 00       	.word	0x0044	; ????
 55e:	a1 00       	.word	0x00a1	; ????
 560:	34 00       	.word	0x0034	; ????
 562:	00 00       	nop
 564:	00 00       	nop
 566:	00 00       	nop
 568:	44 00       	.word	0x0044	; ????
 56a:	a2 00       	.word	0x00a2	; ????
 56c:	34 00       	.word	0x0034	; ????
 56e:	00 00       	nop
 570:	00 00       	nop
 572:	00 00       	nop
 574:	44 00       	.word	0x0044	; ????
 576:	a3 00       	.word	0x00a3	; ????
 578:	34 00       	.word	0x0034	; ????
 57a:	00 00       	nop
 57c:	00 00       	nop
 57e:	00 00       	nop
 580:	44 00       	.word	0x0044	; ????
 582:	a4 00       	.word	0x00a4	; ????
 584:	34 00       	.word	0x0034	; ????
 586:	00 00       	nop
 588:	00 00       	nop
 58a:	00 00       	nop
 58c:	44 00       	.word	0x0044	; ????
 58e:	a5 00       	.word	0x00a5	; ????
 590:	34 00       	.word	0x0034	; ????
 592:	00 00       	nop
 594:	00 00       	nop
 596:	00 00       	nop
 598:	44 00       	.word	0x0044	; ????
 59a:	a6 00       	.word	0x00a6	; ????
 59c:	34 00       	.word	0x0034	; ????
 59e:	00 00       	nop
 5a0:	00 00       	nop
 5a2:	00 00       	nop
 5a4:	44 00       	.word	0x0044	; ????
 5a6:	a7 00       	.word	0x00a7	; ????
 5a8:	34 00       	.word	0x0034	; ????
 5aa:	00 00       	nop
 5ac:	00 00       	nop
 5ae:	00 00       	nop
 5b0:	44 00       	.word	0x0044	; ????
 5b2:	a8 00       	.word	0x00a8	; ????
 5b4:	34 00       	.word	0x0034	; ????
 5b6:	00 00       	nop
 5b8:	00 00       	nop
 5ba:	00 00       	nop
 5bc:	44 00       	.word	0x0044	; ????
 5be:	a9 00       	.word	0x00a9	; ????
 5c0:	34 00       	.word	0x0034	; ????
 5c2:	00 00       	nop
 5c4:	00 00       	nop
 5c6:	00 00       	nop
 5c8:	44 00       	.word	0x0044	; ????
 5ca:	aa 00       	.word	0x00aa	; ????
 5cc:	34 00       	.word	0x0034	; ????
 5ce:	00 00       	nop
 5d0:	00 00       	nop
 5d2:	00 00       	nop
 5d4:	44 00       	.word	0x0044	; ????
 5d6:	ab 00       	.word	0x00ab	; ????
 5d8:	34 00       	.word	0x0034	; ????
 5da:	00 00       	nop
 5dc:	00 00       	nop
 5de:	00 00       	nop
 5e0:	44 00       	.word	0x0044	; ????
 5e2:	ac 00       	.word	0x00ac	; ????
 5e4:	34 00       	.word	0x0034	; ????
 5e6:	00 00       	nop
 5e8:	00 00       	nop
 5ea:	00 00       	nop
 5ec:	44 00       	.word	0x0044	; ????
 5ee:	ad 00       	.word	0x00ad	; ????
 5f0:	34 00       	.word	0x0034	; ????
 5f2:	00 00       	nop
 5f4:	00 00       	nop
 5f6:	00 00       	nop
 5f8:	44 00       	.word	0x0044	; ????
 5fa:	ae 00       	.word	0x00ae	; ????
 5fc:	34 00       	.word	0x0034	; ????
 5fe:	00 00       	nop
 600:	00 00       	nop
 602:	00 00       	nop
 604:	44 00       	.word	0x0044	; ????
 606:	af 00       	.word	0x00af	; ????
 608:	34 00       	.word	0x0034	; ????
 60a:	00 00       	nop
 60c:	00 00       	nop
 60e:	00 00       	nop
 610:	44 00       	.word	0x0044	; ????
 612:	b0 00       	.word	0x00b0	; ????
 614:	34 00       	.word	0x0034	; ????
 616:	00 00       	nop
 618:	00 00       	nop
 61a:	00 00       	nop
 61c:	44 00       	.word	0x0044	; ????
 61e:	b1 00       	.word	0x00b1	; ????
 620:	34 00       	.word	0x0034	; ????
 622:	00 00       	nop
 624:	00 00       	nop
 626:	00 00       	nop
 628:	24 00       	.word	0x0024	; ????
 62a:	00 00       	nop
 62c:	34 00       	.word	0x0034	; ????
 62e:	00 00       	nop
 630:	6f 00       	.word	0x006f	; ????
 632:	00 00       	nop
 634:	24 00       	.word	0x0024	; ????
 636:	be 00       	.word	0x00be	; ????
 638:	54 00       	.word	0x0054	; ????
 63a:	00 00       	nop
 63c:	00 00       	nop
 63e:	00 00       	nop
 640:	44 00       	.word	0x0044	; ????
 642:	c1 00       	.word	0x00c1	; ????
	...
 64c:	24 00       	.word	0x0024	; ????
 64e:	00 00       	nop
 650:	02 00       	.word	0x0002	; ????
 652:	00 00       	nop
 654:	00 00       	nop
 656:	00 00       	nop
 658:	44 00       	.word	0x0044	; ????
 65a:	d6 00       	.word	0x00d6	; ????
 65c:	34 00       	.word	0x0034	; ????
 65e:	00 00       	nop
 660:	00 00       	nop
 662:	00 00       	nop
 664:	44 00       	.word	0x0044	; ????
 666:	d7 00       	.word	0x00d7	; ????
 668:	36 00       	.word	0x0036	; ????
 66a:	00 00       	nop
 66c:	00 00       	nop
 66e:	00 00       	nop
 670:	44 00       	.word	0x0044	; ????
 672:	d8 00       	.word	0x00d8	; ????
 674:	38 00       	.word	0x0038	; ????
 676:	00 00       	nop
 678:	00 00       	nop
 67a:	00 00       	nop
 67c:	44 00       	.word	0x0044	; ????
 67e:	da 00       	.word	0x00da	; ????
 680:	3a 00       	.word	0x003a	; ????
 682:	00 00       	nop
 684:	00 00       	nop
 686:	00 00       	nop
 688:	44 00       	.word	0x0044	; ????
 68a:	db 00       	.word	0x00db	; ????
 68c:	3c 00       	.word	0x003c	; ????
 68e:	00 00       	nop
 690:	00 00       	nop
 692:	00 00       	nop
 694:	44 00       	.word	0x0044	; ????
 696:	dd 00       	.word	0x00dd	; ????
 698:	3e 00       	.word	0x003e	; ????
 69a:	00 00       	nop
 69c:	00 00       	nop
 69e:	00 00       	nop
 6a0:	44 00       	.word	0x0044	; ????
 6a2:	20 01       	movw	r4, r0
 6a4:	50 00       	.word	0x0050	; ????
 6a6:	00 00       	nop
 6a8:	00 00       	nop
 6aa:	00 00       	nop
 6ac:	44 00       	.word	0x0044	; ????
 6ae:	21 01       	movw	r4, r2
 6b0:	52 00       	.word	0x0052	; ????
	...

Disassembly of section .stabstr:

00000000 <.stabstr>:
   0:	00 2f       	mov	r16, r16
   2:	76 61       	ori	r23, 0x16	; 22
   4:	72 2f       	mov	r23, r18
   6:	66 6f       	ori	r22, 0xF6	; 246
   8:	6c 64       	ori	r22, 0x4C	; 76
   a:	65 72       	andi	r22, 0x25	; 37
   c:	73 2f       	mov	r23, r19
   e:	67 66       	ori	r22, 0x67	; 103
  10:	2f 67       	ori	r18, 0x7F	; 127
  12:	66 56       	subi	r22, 0x66	; 102
  14:	36 4d       	sbci	r19, 0xD6	; 214
  16:	6c 75       	andi	r22, 0x5C	; 92
  18:	43 45       	sbci	r20, 0x53	; 83
  1a:	6e 4f       	sbci	r22, 0xFE	; 254
  1c:	6a 6e       	ori	r22, 0xEA	; 234
  1e:	44 77       	andi	r20, 0x74	; 116
  20:	56 33       	cpi	r21, 0x36	; 54
  22:	55 2d       	mov	r21, r5
  24:	7a 76       	andi	r23, 0x6A	; 106
  26:	55 2b       	or	r21, r21
  28:	2b 2b       	or	r18, r27
  2a:	54 49       	sbci	r21, 0x94	; 148
  2c:	2f 2d       	mov	r18, r15
  2e:	54 6d       	ori	r21, 0xD4	; 212
  30:	70 2d       	mov	r23, r0
  32:	2f 2f       	mov	r18, r31
  34:	63 63       	ori	r22, 0x33	; 51
  36:	53 78       	andi	r21, 0x83	; 131
  38:	79 74       	andi	r23, 0x49	; 73
  3a:	52 67       	ori	r21, 0x72	; 114
  3c:	2e 73       	andi	r18, 0x3E	; 62
  3e:	00 76       	andi	r16, 0x60	; 96
  40:	6f 69       	ori	r22, 0x9F	; 159
  42:	64 3a       	cpi	r22, 0xA4	; 164
  44:	74 31       	cpi	r23, 0x14	; 20
  46:	3d 31       	cpi	r19, 0x1D	; 29
  48:	00 5f       	subi	r16, 0xF0	; 240
  4a:	5f 76       	andi	r21, 0x6F	; 111
  4c:	65 63       	ori	r22, 0x35	; 53
  4e:	74 6f       	ori	r23, 0xF4	; 244
  50:	72 73       	andi	r23, 0x32	; 50
  52:	3a 46       	sbci	r19, 0x6A	; 106
  54:	31 00       	.word	0x0031	; ????
  56:	2e 2e       	mov	r2, r30
  58:	2f 2e       	mov	r2, r31
  5a:	2e 2f       	mov	r18, r30
  5c:	2e 2e       	mov	r2, r30
  5e:	2f 2e       	mov	r2, r31
  60:	2e 2f       	mov	r18, r30
  62:	63 72       	andi	r22, 0x23	; 35
  64:	74 31       	cpi	r23, 0x14	; 20
  66:	2f 67       	ori	r18, 0x7F	; 127
  68:	63 72       	andi	r22, 0x23	; 35
  6a:	74 31       	cpi	r23, 0x14	; 20
  6c:	2e 53       	subi	r18, 0x3E	; 62
  6e:	00 5f       	subi	r16, 0xF0	; 240
  70:	5f 62       	ori	r21, 0x2F	; 47
  72:	61 64       	ori	r22, 0x41	; 65
  74:	5f 69       	ori	r21, 0x9F	; 159
  76:	6e 74       	andi	r22, 0x4E	; 78
  78:	65 72       	andi	r22, 0x25	; 37
  7a:	72 75       	andi	r23, 0x52	; 82
  7c:	70 74       	andi	r23, 0x40	; 64
  7e:	3a 46       	sbci	r19, 0x6A	; 106
  80:	31 00       	.word	0x0031	; ????

Disassembly of section .debug_aranges:

00000000 <.debug_aranges>:
   0:	1c 00       	.word	0x001c	; ????
   2:	00 00       	nop
   4:	02 00       	.word	0x0002	; ????
   6:	00 00       	nop
   8:	00 00       	nop
   a:	04 00       	.word	0x0004	; ????
   c:	00 00       	nop
   e:	00 00       	nop
  10:	ae 01       	movw	r20, r28
  12:	00 00       	nop
  14:	c8 00       	.word	0x00c8	; ????
	...

Disassembly of section .debug_pubnames:

00000000 <.debug_pubnames>:
   0:	6e 00       	.word	0x006e	; ????
   2:	00 00       	nop
   4:	02 00       	.word	0x0002	; ????
   6:	00 00       	nop
   8:	00 00       	nop
   a:	55 02       	muls	r21, r21
   c:	00 00       	nop
   e:	2b 01       	movw	r4, r22
  10:	00 00       	nop
  12:	50 72       	andi	r21, 0x20	; 32
  14:	69 6e       	ori	r22, 0xE9	; 233
  16:	74 41       	sbci	r23, 0x14	; 20
  18:	74 00       	.word	0x0074	; ????
  1a:	5c 01       	movw	r10, r24
  1c:	00 00       	nop
  1e:	44 75       	andi	r20, 0x54	; 84
  20:	6d 70       	andi	r22, 0x0D	; 13
  22:	00 85       	ldd	r16, Z+8	; 0x08
  24:	01 00       	.word	0x0001	; ????
  26:	00 44       	sbci	r16, 0x40	; 64
  28:	75 6d       	ori	r23, 0xD5	; 213
  2a:	70 33       	cpi	r23, 0x30	; 48
  2c:	00 c5       	rjmp	.+2560   	; 0xa2e <__stack+0x731>
  2e:	01 00       	.word	0x0001	; ????
  30:	00 54       	subi	r16, 0x40	; 64
  32:	65 73       	andi	r22, 0x35	; 53
  34:	74 42       	sbci	r23, 0x24	; 36
  36:	6c 69       	ori	r22, 0x9C	; 156
  38:	74 43       	sbci	r23, 0x34	; 52
  3a:	6c 69       	ori	r22, 0x9C	; 156
  3c:	70 00       	.word	0x0070	; ????
  3e:	fa 01       	movw	r30, r20
  40:	00 00       	nop
  42:	6d 61       	ori	r22, 0x1D	; 29
  44:	69 6e       	ori	r22, 0xE9	; 233
  46:	00 0e       	add	r0, r16
  48:	02 00       	.word	0x0002	; ????
  4a:	00 67       	ori	r16, 0x70	; 112
  4c:	53 79       	andi	r21, 0x93	; 147
  4e:	73 56       	subi	r23, 0x63	; 99
  50:	61 72       	andi	r22, 0x21	; 33
  52:	73 00       	.word	0x0073	; ????
  54:	30 02       	muls	r19, r16
  56:	00 00       	nop
  58:	67 56       	subi	r22, 0x67	; 103
  5a:	69 64       	ori	r22, 0x49	; 73
  5c:	65 6f       	ori	r22, 0xF5	; 245
  5e:	42 75       	andi	r20, 0x52	; 82
  60:	66 66       	ori	r22, 0x66	; 102
  62:	00 42       	sbci	r16, 0x20	; 32
  64:	02 00       	.word	0x0002	; ????
  66:	00 64       	ori	r16, 0x40	; 64
  68:	75 6d       	ori	r23, 0xD5	; 213
  6a:	70 49       	sbci	r23, 0x90	; 144
  6c:	74 00       	.word	0x0074	; ????
  6e:	00 00       	nop
	...

Disassembly of section .debug_info:

00000000 <.debug_info>:
   0:	51 02       	muls	r21, r17
   2:	00 00       	nop
   4:	02 00       	.word	0x0002	; ????
   6:	00 00       	nop
   8:	00 00       	nop
   a:	04 01       	movw	r0, r8
   c:	4c 00       	.word	0x004c	; ????
   e:	00 00       	nop
  10:	01 13       	cpse	r16, r17
  12:	01 00       	.word	0x0001	; ????
  14:	00 9f       	mul	r16, r16
  16:	00 00       	nop
  18:	00 ae       	std	Z+56, r0	; 0x38
  1a:	01 00       	.word	0x0001	; ????
  1c:	00 76       	andi	r16, 0x60	; 96
  1e:	02 00       	.word	0x0002	; ????
  20:	00 00       	nop
  22:	00 00       	nop
  24:	00 02       	muls	r16, r16
  26:	01 06       	cpc	r0, r17
  28:	2d 00       	.word	0x002d	; ????
  2a:	00 00       	nop
  2c:	02 01       	movw	r0, r4
  2e:	08 2b       	or	r16, r24
  30:	00 00       	nop
  32:	00 03       	mulsu	r16, r16
  34:	02 05       	cpc	r16, r2
  36:	69 6e       	ori	r22, 0xE9	; 233
  38:	74 00       	.word	0x0074	; ????
  3a:	02 02       	muls	r16, r18
  3c:	07 79       	andi	r16, 0x97	; 151
  3e:	00 00       	nop
  40:	00 02       	muls	r16, r16
  42:	04 05       	cpc	r16, r4
  44:	03 01       	movw	r0, r6
  46:	00 00       	nop
  48:	02 04       	cpc	r0, r2
  4a:	07 74       	andi	r16, 0x47	; 71
  4c:	00 00       	nop
  4e:	00 02       	muls	r16, r16
  50:	08 05       	cpc	r16, r8
  52:	fe 00       	.word	0x00fe	; ????
  54:	00 00       	nop
  56:	02 08       	sbc	r0, r2
  58:	07 6f       	ori	r16, 0xF7	; 247
  5a:	00 00       	nop
  5c:	00 04       	cpc	r0, r0
  5e:	01 06       	cpc	r0, r17
  60:	04 01       	movw	r0, r8
  62:	08 05       	cpc	r16, r8
  64:	26 00       	.word	0x0026	; ????
  66:	00 00       	nop
  68:	02 32       	cpi	r16, 0x22	; 34
  6a:	2c 00       	.word	0x002c	; ????
  6c:	00 00       	nop
  6e:	05 0c       	add	r0, r5
  70:	01 00       	.word	0x0001	; ????
  72:	00 02       	muls	r16, r16
  74:	34 79       	andi	r19, 0x94	; 148
  76:	00 00       	nop
  78:	00 02       	muls	r16, r16
  7a:	02 07       	cpc	r16, r18
  7c:	39 00       	.word	0x0039	; ????
  7e:	00 00       	nop
  80:	06 12       	cpse	r0, r22
  82:	02 9a       	sbi	0x00, 2	; 0
  84:	07 01       	movw	r0, r14
  86:	00 00       	nop
  88:	07 21       	and	r16, r7
  8a:	00 00       	nop
  8c:	00 02       	muls	r16, r16
  8e:	9b 07       	cpc	r25, r27
  90:	01 00       	.word	0x0001	; ????
  92:	00 02       	muls	r16, r16
  94:	23 00       	.word	0x0023	; ????
  96:	07 8e       	std	Z+31, r0	; 0x1f
  98:	00 00       	nop
  9a:	00 02       	muls	r16, r16
  9c:	9c 63       	ori	r25, 0x3C	; 60
  9e:	00 00       	nop
  a0:	00 02       	muls	r16, r16
  a2:	23 02       	muls	r18, r19
  a4:	07 58       	subi	r16, 0x87	; 135
  a6:	00 00       	nop
  a8:	00 02       	muls	r16, r16
  aa:	9d 0d       	add	r25, r13
  ac:	01 00       	.word	0x0001	; ????
  ae:	00 02       	muls	r16, r16
  b0:	23 03       	mulsu	r18, r19
  b2:	07 33       	cpi	r16, 0x37	; 55
  b4:	01 00       	.word	0x0001	; ????
  b6:	00 02       	muls	r16, r16
  b8:	9e 63       	ori	r25, 0x3E	; 62
  ba:	00 00       	nop
  bc:	00 02       	muls	r16, r16
  be:	23 0b       	sbc	r18, r19
  c0:	07 28       	or	r0, r7
  c2:	01 00       	.word	0x0001	; ????
  c4:	00 02       	muls	r16, r16
  c6:	9f 07       	cpc	r25, r31
  c8:	01 00       	.word	0x0001	; ????
  ca:	00 02       	muls	r16, r16
  cc:	23 0c       	add	r2, r3
  ce:	07 15       	cp	r16, r7
  d0:	00 00       	nop
  d2:	00 02       	muls	r16, r16
  d4:	a0 63       	ori	r26, 0x30	; 48
  d6:	00 00       	nop
  d8:	00 02       	muls	r16, r16
  da:	23 0e       	add	r2, r19
  dc:	07 1b       	sub	r16, r23
  de:	00 00       	nop
  e0:	00 02       	muls	r16, r16
  e2:	a1 63       	ori	r26, 0x31	; 49
  e4:	00 00       	nop
  e6:	00 02       	muls	r16, r16
  e8:	23 0f       	add	r18, r19
  ea:	07 0f       	add	r16, r23
  ec:	00 00       	nop
  ee:	00 02       	muls	r16, r16
  f0:	a2 63       	ori	r26, 0x32	; 50
  f2:	00 00       	nop
  f4:	00 02       	muls	r16, r16
  f6:	23 10       	cpse	r2, r3
  f8:	07 00       	.word	0x0007	; ????
  fa:	00 00       	nop
  fc:	00 02       	muls	r16, r16
  fe:	a3 63       	ori	r26, 0x33	; 51
 100:	00 00       	nop
 102:	00 02       	muls	r16, r16
 104:	23 11       	cpse	r18, r3
 106:	00 08       	sbc	r0, r0
 108:	02 63       	ori	r16, 0x32	; 50
 10a:	00 00       	nop
 10c:	00 09       	sbc	r16, r0
 10e:	63 00       	.word	0x0063	; ????
 110:	00 00       	nop
 112:	1d 01       	movw	r2, r26
 114:	00 00       	nop
 116:	0a 1d       	adc	r16, r10
 118:	01 00       	.word	0x0001	; ????
 11a:	00 07       	cpc	r16, r16
 11c:	00 04       	cpc	r0, r0
 11e:	02 07       	cpc	r16, r18
 120:	05 06       	cpc	r0, r21
 122:	00 00       	nop
 124:	00 02       	muls	r16, r16
 126:	a4 80       	ldd	r10, Z+4	; 0x04
 128:	00 00       	nop
 12a:	00 0b       	sbc	r16, r16
 12c:	01 86       	std	Z+9, r0	; 0x09
 12e:	00 00       	nop
 130:	00 01       	movw	r0, r0
 132:	54 01       	movw	r10, r8
 134:	ae 01       	movw	r20, r28
 136:	00 00       	nop
 138:	d4 01       	movw	r26, r8
 13a:	00 00       	nop
 13c:	02 90       	ld	r0, -Z
 13e:	20 5c       	subi	r18, 0xC0	; 192
 140:	01 00       	.word	0x0001	; ????
 142:	00 0c       	add	r0, r0
 144:	78 00       	.word	0x0078	; ????
 146:	01 53       	subi	r16, 0x31	; 49
 148:	63 00       	.word	0x0063	; ????
 14a:	00 00       	nop
 14c:	00 00       	nop
 14e:	00 00       	nop
 150:	0d 79       	andi	r16, 0x9D	; 157
 152:	00 01       	movw	r0, r0
 154:	53 63       	ori	r21, 0x33	; 51
 156:	00 00       	nop
 158:	00 01       	movw	r0, r0
 15a:	66 00       	.word	0x0066	; ????
 15c:	0b 01       	movw	r0, r22
 15e:	1a 01       	movw	r2, r20
 160:	00 00       	nop
 162:	01 5d       	subi	r16, 0xD1	; 209
 164:	01 d4       	rcall	.+2050   	; 0x968 <__stack+0x66b>
 166:	01 00       	.word	0x0001	; ????
 168:	00 de       	rcall	.-1024   	; 0xfffffd6a <__eeprom_end+0xff7efd6a>
 16a:	01 00       	.word	0x0001	; ????
 16c:	00 02       	muls	r16, r16
 16e:	90 20       	and	r9, r0
 170:	85 01       	movw	r16, r10
 172:	00 00       	nop
 174:	0d 6e       	ori	r16, 0xED	; 237
 176:	00 01       	movw	r0, r0
 178:	5d 6e       	ori	r21, 0xED	; 237
 17a:	00 00       	nop
 17c:	00 06       	cpc	r0, r16
 17e:	68 93       	.word	0x9368	; ????
 180:	01 69       	ori	r16, 0x91	; 145
 182:	93 01       	movw	r18, r6
 184:	00 0b       	sbc	r16, r16
 186:	01 69       	ori	r16, 0x91	; 145
 188:	00 00       	nop
 18a:	00 01       	movw	r0, r0
 18c:	61 01       	movw	r12, r2
 18e:	de 01       	movw	r26, r28
 190:	00 00       	nop
 192:	1c 02       	muls	r17, r28
 194:	00 00       	nop
 196:	02 90       	ld	r0, -Z
 198:	20 c5       	rjmp	.+2624   	; 0xbda <__stack+0x8dd>
 19a:	01 00       	.word	0x0001	; ????
 19c:	00 0c       	add	r0, r0
 19e:	61 00       	.word	0x0061	; ????
 1a0:	01 61       	ori	r16, 0x11	; 17
 1a2:	6e 00       	.word	0x006e	; ????
 1a4:	00 00       	nop
 1a6:	1e 00       	.word	0x001e	; ????
 1a8:	00 00       	nop
 1aa:	0c 62       	ori	r16, 0x2C	; 44
 1ac:	00 01       	movw	r0, r0
 1ae:	61 6e       	ori	r22, 0xE1	; 225
 1b0:	00 00       	nop
 1b2:	00 46       	sbci	r16, 0x60	; 96
 1b4:	00 00       	nop
 1b6:	00 0c       	add	r0, r0
 1b8:	63 00       	.word	0x0063	; ????
 1ba:	01 61       	ori	r16, 0x11	; 17
 1bc:	6e 00       	.word	0x006e	; ????
 1be:	00 00       	nop
 1c0:	6e 00       	.word	0x006e	; ????
 1c2:	00 00       	nop
 1c4:	00 0b       	sbc	r16, r16
 1c6:	01 f1       	breq	.+64     	; 0x208 <Dump3+0x2a>
 1c8:	00 00       	nop
 1ca:	00 01       	movw	r0, r0
 1cc:	dd 01       	movw	r26, r26
 1ce:	1c 02       	muls	r17, r28
 1d0:	00 00       	nop
 1d2:	6c 02       	muls	r22, r28
 1d4:	00 00       	nop
 1d6:	02 90       	ld	r0, -Z
 1d8:	20 fa       	bst	r2, 0
 1da:	01 00       	.word	0x0001	; ????
 1dc:	00 0e       	add	r0, r16
 1de:	73 79       	andi	r23, 0x93	; 147
 1e0:	73 00       	.word	0x0073	; ????
 1e2:	01 df       	rcall	.-510    	; 0xffffffe6 <__eeprom_end+0xff7effe6>
 1e4:	07 01       	movw	r0, r14
 1e6:	00 00       	nop
 1e8:	96 00       	.word	0x0096	; ????
 1ea:	00 00       	nop
 1ec:	0e 6e       	ori	r16, 0xEE	; 238
 1ee:	00 01       	movw	r0, r0
 1f0:	e0 63       	ori	r30, 0x30	; 48
 1f2:	00 00       	nop
 1f4:	00 ce       	rjmp	.-1024   	; 0xfffffdf6 <__eeprom_end+0xff7efdf6>
 1f6:	00 00       	nop
 1f8:	00 00       	nop
 1fa:	0f 01       	movw	r0, r30
 1fc:	5d 00       	.word	0x005d	; ????
 1fe:	00 00       	nop
 200:	01 f5       	brne	.+64     	; 0x242 <TestBlitClip+0x26>
 202:	01 6c       	ori	r16, 0xC1	; 193
 204:	02 00       	.word	0x0002	; ????
 206:	00 76       	andi	r16, 0x60	; 96
 208:	02 00       	.word	0x0002	; ????
 20a:	00 02       	muls	r16, r16
 20c:	90 20       	and	r9, r0
 20e:	10 1f       	adc	r17, r16
 210:	01 00       	.word	0x0001	; ????
 212:	00 01       	movw	r0, r0
 214:	47 20       	and	r4, r7
 216:	01 00       	.word	0x0001	; ????
 218:	00 01       	movw	r0, r0
 21a:	05 03       	mulsu	r16, r21
 21c:	a8 01       	movw	r20, r16
 21e:	80 00       	.word	0x0080	; ????
 220:	09 63       	ori	r16, 0x39	; 57
 222:	00 00       	nop
 224:	00 30       	cpi	r16, 0x00	; 0
 226:	02 00       	.word	0x0002	; ????
 228:	00 0a       	sbc	r0, r16
 22a:	1d 01       	movw	r2, r26
 22c:	00 00       	nop
 22e:	a7 00       	.word	0x00a7	; ????
 230:	10 94       	com	r1
 232:	00 00       	nop
 234:	00 01       	movw	r0, r0
 236:	45 20       	and	r4, r5
 238:	02 00       	.word	0x0002	; ????
 23a:	00 01       	movw	r0, r0
 23c:	05 03       	mulsu	r16, r21
 23e:	00 01       	movw	r0, r0
 240:	80 00       	.word	0x0080	; ????
 242:	10 62       	ori	r17, 0x20	; 32
 244:	00 00       	nop
 246:	00 01       	movw	r0, r0
 248:	49 33       	cpi	r20, 0x39	; 57
 24a:	00 00       	nop
 24c:	00 01       	movw	r0, r0
 24e:	05 03       	mulsu	r16, r21
 250:	ba 01       	movw	r22, r20
 252:	80 00       	.word	0x0080	; ????
	...

Disassembly of section .debug_abbrev:

00000000 <.debug_abbrev>:
   0:	01 11       	cpse	r16, r1
   2:	01 25       	eor	r16, r1
   4:	0e 13       	cpse	r16, r30
   6:	0b 03       	fmul	r16, r19
   8:	0e 1b       	sub	r16, r30
   a:	0e 11       	cpse	r16, r14
   c:	01 12       	cpse	r0, r17
   e:	01 10       	cpse	r0, r1
  10:	06 00       	.word	0x0006	; ????
  12:	00 02       	muls	r16, r16
  14:	24 00       	.word	0x0024	; ????
  16:	0b 0b       	sbc	r16, r27
  18:	3e 0b       	sbc	r19, r30
  1a:	03 0e       	add	r0, r19
  1c:	00 00       	nop
  1e:	03 24       	eor	r0, r3
  20:	00 0b       	sbc	r16, r16
  22:	0b 3e       	cpi	r16, 0xEB	; 235
  24:	0b 03       	fmul	r16, r19
  26:	08 00       	.word	0x0008	; ????
  28:	00 04       	cpc	r0, r0
  2a:	24 00       	.word	0x0024	; ????
  2c:	0b 0b       	sbc	r16, r27
  2e:	3e 0b       	sbc	r19, r30
  30:	00 00       	nop
  32:	05 16       	cp	r0, r21
  34:	00 03       	mulsu	r16, r16
  36:	0e 3a       	cpi	r16, 0xAE	; 174
  38:	0b 3b       	cpi	r16, 0xBB	; 187
  3a:	0b 49       	sbci	r16, 0x9B	; 155
  3c:	13 00       	.word	0x0013	; ????
  3e:	00 06       	cpc	r0, r16
  40:	13 01       	movw	r2, r6
  42:	0b 0b       	sbc	r16, r27
  44:	3a 0b       	sbc	r19, r26
  46:	3b 0b       	sbc	r19, r27
  48:	01 13       	cpse	r16, r17
  4a:	00 00       	nop
  4c:	07 0d       	add	r16, r7
  4e:	00 03       	mulsu	r16, r16
  50:	0e 3a       	cpi	r16, 0xAE	; 174
  52:	0b 3b       	cpi	r16, 0xBB	; 187
  54:	0b 49       	sbci	r16, 0x9B	; 155
  56:	13 38       	cpi	r17, 0x83	; 131
  58:	0a 00       	.word	0x000a	; ????
  5a:	00 08       	sbc	r0, r0
  5c:	0f 00       	.word	0x000f	; ????
  5e:	0b 0b       	sbc	r16, r27
  60:	49 13       	cpse	r20, r25
  62:	00 00       	nop
  64:	09 01       	movw	r0, r18
  66:	01 49       	sbci	r16, 0x91	; 145
  68:	13 01       	movw	r2, r6
  6a:	13 00       	.word	0x0013	; ????
  6c:	00 0a       	sbc	r0, r16
  6e:	21 00       	.word	0x0021	; ????
  70:	49 13       	cpse	r20, r25
  72:	2f 0b       	sbc	r18, r31
  74:	00 00       	nop
  76:	0b 2e       	mov	r0, r27
  78:	01 3f       	cpi	r16, 0xF1	; 241
  7a:	0c 03       	fmul	r16, r20
  7c:	0e 3a       	cpi	r16, 0xAE	; 174
  7e:	0b 3b       	cpi	r16, 0xBB	; 187
  80:	0b 27       	eor	r16, r27
  82:	0c 11       	cpse	r16, r12
  84:	01 12       	cpse	r0, r17
  86:	01 40       	sbci	r16, 0x01	; 1
  88:	0a 01       	movw	r0, r20
  8a:	13 00       	.word	0x0013	; ????
  8c:	00 0c       	add	r0, r0
  8e:	05 00       	.word	0x0005	; ????
  90:	03 08       	sbc	r0, r3
  92:	3a 0b       	sbc	r19, r26
  94:	3b 0b       	sbc	r19, r27
  96:	49 13       	cpse	r20, r25
  98:	02 06       	cpc	r0, r18
  9a:	00 00       	nop
  9c:	0d 05       	cpc	r16, r13
  9e:	00 03       	mulsu	r16, r16
  a0:	08 3a       	cpi	r16, 0xA8	; 168
  a2:	0b 3b       	cpi	r16, 0xBB	; 187
  a4:	0b 49       	sbci	r16, 0x9B	; 155
  a6:	13 02       	muls	r17, r19
  a8:	0a 00       	.word	0x000a	; ????
  aa:	00 0e       	add	r0, r16
  ac:	34 00       	.word	0x0034	; ????
  ae:	03 08       	sbc	r0, r3
  b0:	3a 0b       	sbc	r19, r26
  b2:	3b 0b       	sbc	r19, r27
  b4:	49 13       	cpse	r20, r25
  b6:	02 06       	cpc	r0, r18
  b8:	00 00       	nop
  ba:	0f 2e       	mov	r0, r31
  bc:	00 3f       	cpi	r16, 0xF0	; 240
  be:	0c 03       	fmul	r16, r20
  c0:	0e 3a       	cpi	r16, 0xAE	; 174
  c2:	0b 3b       	cpi	r16, 0xBB	; 187
  c4:	0b 27       	eor	r16, r27
  c6:	0c 11       	cpse	r16, r12
  c8:	01 12       	cpse	r0, r17
  ca:	01 40       	sbci	r16, 0x01	; 1
  cc:	0a 00       	.word	0x000a	; ????
  ce:	00 10       	cpse	r0, r0
  d0:	34 00       	.word	0x0034	; ????
  d2:	03 0e       	add	r0, r19
  d4:	3a 0b       	sbc	r19, r26
  d6:	3b 0b       	sbc	r19, r27
  d8:	49 13       	cpse	r20, r25
  da:	3f 0c       	add	r3, r15
  dc:	02 0a       	sbc	r0, r18
  de:	00 00       	nop
	...

Disassembly of section .debug_line:

00000000 <.debug_line>:
   0:	42 01       	movw	r8, r4
   2:	00 00       	nop
   4:	02 00       	.word	0x0002	; ????
   6:	32 00       	.word	0x0032	; ????
   8:	00 00       	nop
   a:	01 01       	movw	r0, r2
   c:	f6 f5       	brtc	.+124    	; 0x8a <OCR1AH+0x1>
   e:	0a 00       	.word	0x000a	; ????
  10:	01 01       	movw	r0, r2
  12:	01 01       	movw	r0, r2
  14:	00 00       	nop
  16:	00 01       	movw	r0, r0
  18:	2e 2e       	mov	r2, r30
  1a:	2f 2e       	mov	r2, r31
  1c:	2e 2f       	mov	r18, r30
  1e:	69 6e       	ori	r22, 0xE9	; 233
  20:	63 00       	.word	0x0063	; ????
  22:	00 6d       	ori	r16, 0xD0	; 208
  24:	61 69       	ori	r22, 0x91	; 145
  26:	6e 2e       	mov	r6, r30
  28:	63 00       	.word	0x0063	; ????
  2a:	00 00       	nop
  2c:	00 43       	sbci	r16, 0x30	; 48
  2e:	6f 72       	andi	r22, 0x2F	; 47
  30:	65 44       	sbci	r22, 0x45	; 69
  32:	65 66       	ori	r22, 0x65	; 101
  34:	73 2e       	mov	r7, r19
  36:	68 00       	.word	0x0068	; ????
  38:	01 00       	.word	0x0001	; ????
  3a:	00 00       	nop
  3c:	00 05       	cpc	r16, r0
  3e:	02 ae       	std	Z+58, r0	; 0x3a
  40:	01 00       	.word	0x0001	; ????
  42:	00 67       	ori	r16, 0x70	; 112
  44:	00 05       	cpc	r16, r0
  46:	02 b0       	in	r0, 0x02	; 2
  48:	01 00       	.word	0x0001	; ????
  4a:	00 15       	cp	r16, r0
  4c:	00 05       	cpc	r16, r0
  4e:	02 b4       	in	r0, 0x22	; 34
  50:	01 00       	.word	0x0001	; ????
  52:	00 15       	cp	r16, r0
  54:	00 05       	cpc	r16, r0
  56:	02 ba       	out	0x12, r0	; 18
  58:	01 00       	.word	0x0001	; ????
  5a:	00 16       	cp	r0, r16
  5c:	00 05       	cpc	r16, r0
  5e:	02 ce       	rjmp	.-1020   	; 0xfffffc64 <__eeprom_end+0xff7efc64>
  60:	01 00       	.word	0x0001	; ????
  62:	00 15       	cp	r16, r0
  64:	00 05       	cpc	r16, r0
  66:	02 d2       	rcall	.+1028   	; 0x46c <__stack+0x16f>
  68:	01 00       	.word	0x0001	; ????
  6a:	00 16       	cp	r0, r16
  6c:	00 05       	cpc	r16, r0
  6e:	02 d4       	rcall	.+2052   	; 0x874 <__stack+0x577>
  70:	01 00       	.word	0x0001	; ????
  72:	00 16       	cp	r0, r16
  74:	00 05       	cpc	r16, r0
  76:	02 d4       	rcall	.+2052   	; 0x87c <__stack+0x57f>
  78:	01 00       	.word	0x0001	; ????
  7a:	00 15       	cp	r16, r0
  7c:	00 05       	cpc	r16, r0
  7e:	02 dc       	rcall	.-2044   	; 0xfffff884 <__eeprom_end+0xff7ef884>
  80:	01 00       	.word	0x0001	; ????
  82:	00 15       	cp	r16, r0
  84:	00 05       	cpc	r16, r0
  86:	02 de       	rcall	.-1020   	; 0xfffffc8c <__eeprom_end+0xff7efc8c>
  88:	01 00       	.word	0x0001	; ????
  8a:	00 16       	cp	r0, r16
  8c:	00 05       	cpc	r16, r0
  8e:	02 f0       	brmi	.+0      	; 0x90 <OCR1AH+0x7>
  90:	01 00       	.word	0x0001	; ????
  92:	00 15       	cp	r16, r0
  94:	00 05       	cpc	r16, r0
  96:	02 f6       	brpl	.-128    	; 0x18 <kFigMinus>
  98:	01 00       	.word	0x0001	; ????
  9a:	00 15       	cp	r16, r0
  9c:	00 05       	cpc	r16, r0
  9e:	02 fa       	bst	r0, 2
  a0:	01 00       	.word	0x0001	; ????
  a2:	00 15       	cp	r16, r0
  a4:	00 05       	cpc	r16, r0
  a6:	02 00       	.word	0x0002	; ????
  a8:	02 00       	.word	0x0002	; ????
  aa:	00 15       	cp	r16, r0
  ac:	00 05       	cpc	r16, r0
  ae:	02 04       	cpc	r0, r2
  b0:	02 00       	.word	0x0002	; ????
  b2:	00 15       	cp	r16, r0
  b4:	00 05       	cpc	r16, r0
  b6:	02 0a       	sbc	r0, r18
  b8:	02 00       	.word	0x0002	; ????
  ba:	00 15       	cp	r16, r0
  bc:	00 05       	cpc	r16, r0
  be:	02 0e       	add	r0, r18
  c0:	02 00       	.word	0x0002	; ????
  c2:	00 15       	cp	r16, r0
  c4:	00 05       	cpc	r16, r0
  c6:	02 1c       	adc	r0, r2
  c8:	02 00       	.word	0x0002	; ????
  ca:	00 89       	ldd	r16, Z+16	; 0x10
  cc:	00 05       	cpc	r16, r0
  ce:	02 22       	and	r0, r18
  d0:	02 00       	.word	0x0002	; ????
  d2:	00 16       	cp	r0, r16
  d4:	00 05       	cpc	r16, r0
  d6:	02 28       	or	r0, r2
  d8:	02 00       	.word	0x0002	; ????
  da:	00 17       	cp	r16, r16
  dc:	00 05       	cpc	r16, r0
  de:	02 2e       	mov	r0, r18
  e0:	02 00       	.word	0x0002	; ????
  e2:	00 13       	cpse	r16, r16
  e4:	00 05       	cpc	r16, r0
  e6:	02 38       	cpi	r16, 0x82	; 130
  e8:	02 00       	.word	0x0002	; ????
  ea:	00 17       	cp	r16, r16
  ec:	00 05       	cpc	r16, r0
  ee:	02 3c       	cpi	r16, 0xC2	; 194
  f0:	02 00       	.word	0x0002	; ????
  f2:	00 15       	cp	r16, r0
  f4:	00 05       	cpc	r16, r0
  f6:	02 42       	sbci	r16, 0x22	; 34
  f8:	02 00       	.word	0x0002	; ????
  fa:	00 15       	cp	r16, r0
  fc:	00 05       	cpc	r16, r0
  fe:	02 4c       	sbci	r16, 0xC2	; 194
 100:	02 00       	.word	0x0002	; ????
 102:	00 17       	cp	r16, r16
 104:	00 05       	cpc	r16, r0
 106:	02 54       	subi	r16, 0x42	; 66
 108:	02 00       	.word	0x0002	; ????
 10a:	00 15       	cp	r16, r0
 10c:	00 05       	cpc	r16, r0
 10e:	02 5a       	subi	r16, 0xA2	; 162
 110:	02 00       	.word	0x0002	; ????
 112:	00 12       	cpse	r0, r16
 114:	00 05       	cpc	r16, r0
 116:	02 64       	ori	r16, 0x42	; 66
 118:	02 00       	.word	0x0002	; ????
 11a:	00 18       	sub	r0, r0
 11c:	00 05       	cpc	r16, r0
 11e:	02 6c       	ori	r16, 0xC2	; 194
 120:	02 00       	.word	0x0002	; ????
 122:	00 1d       	adc	r16, r0
 124:	00 05       	cpc	r16, r0
 126:	02 6c       	ori	r16, 0xC2	; 194
 128:	02 00       	.word	0x0002	; ????
 12a:	00 19       	sub	r16, r0
 12c:	00 05       	cpc	r16, r0
 12e:	02 6e       	ori	r16, 0xE2	; 226
 130:	02 00       	.word	0x0002	; ????
 132:	00 15       	cp	r16, r0
 134:	00 05       	cpc	r16, r0
 136:	02 74       	andi	r16, 0x42	; 66
 138:	02 00       	.word	0x0002	; ????
 13a:	00 15       	cp	r16, r0
 13c:	00 05       	cpc	r16, r0
 13e:	02 76       	andi	r16, 0x62	; 98
 140:	02 00       	.word	0x0002	; ????
 142:	00 00       	nop
 144:	01 01       	movw	r0, r2
 146:	16 00       	.word	0x0016	; ????
 148:	00 00       	nop
 14a:	02 00       	.word	0x0002	; ????
 14c:	10 00       	.word	0x0010	; ????
 14e:	00 00       	nop
 150:	01 01       	movw	r0, r2
 152:	fb 0e       	add	r15, r27
 154:	0a 00       	.word	0x000a	; ????
 156:	01 01       	movw	r0, r2
 158:	01 01       	movw	r0, r2
 15a:	00 00       	nop
 15c:	00 01       	movw	r0, r0
	...

Disassembly of section .debug_frame:

00000000 <.debug_frame>:
   0:	0c 00       	.word	0x000c	; ????
   2:	00 00       	nop
   4:	ff ff       	.word	0xffff	; ????
   6:	ff ff       	.word	0xffff	; ????
   8:	01 00       	.word	0x0001	; ????
   a:	01 7f       	andi	r16, 0xF1	; 241
   c:	24 0c       	add	r2, r4
   e:	20 00       	.word	0x0020	; ????
  10:	0c 00       	.word	0x000c	; ????
  12:	00 00       	nop
  14:	00 00       	nop
  16:	00 00       	nop
  18:	ae 01       	movw	r20, r28
  1a:	00 00       	nop
  1c:	26 00       	.word	0x0026	; ????
  1e:	00 00       	nop
  20:	0c 00       	.word	0x000c	; ????
  22:	00 00       	nop
  24:	00 00       	nop
  26:	00 00       	nop
  28:	d4 01       	movw	r26, r8
  2a:	00 00       	nop
  2c:	0a 00       	.word	0x000a	; ????
  2e:	00 00       	nop
  30:	0c 00       	.word	0x000c	; ????
  32:	00 00       	nop
  34:	00 00       	nop
  36:	00 00       	nop
  38:	de 01       	movw	r26, r28
  3a:	00 00       	nop
  3c:	3e 00       	.word	0x003e	; ????
  3e:	00 00       	nop
  40:	0c 00       	.word	0x000c	; ????
  42:	00 00       	nop
  44:	00 00       	nop
  46:	00 00       	nop
  48:	1c 02       	muls	r17, r28
  4a:	00 00       	nop
  4c:	50 00       	.word	0x0050	; ????
  4e:	00 00       	nop
  50:	0c 00       	.word	0x000c	; ????
  52:	00 00       	nop
  54:	00 00       	nop
  56:	00 00       	nop
  58:	6c 02       	muls	r22, r28
  5a:	00 00       	nop
  5c:	0a 00       	.word	0x000a	; ????
	...

Disassembly of section .debug_str:

00000000 <.debug_str>:
   0:	63 6c       	ori	r22, 0xC3	; 195
   2:	69 70       	andi	r22, 0x09	; 9
   4:	48 00       	.word	0x0048	; ????
   6:	74 53       	subi	r23, 0x34	; 52
   8:	79 73       	andi	r23, 0x39	; 57
   a:	56 61       	ori	r21, 0x16	; 22
   c:	72 73       	andi	r23, 0x32	; 50
   e:	00 63       	ori	r16, 0x30	; 48
  10:	6c 69       	ori	r22, 0x9C	; 156
  12:	70 57       	subi	r23, 0x70	; 112
  14:	00 63       	ori	r16, 0x30	; 48
  16:	6c 69       	ori	r22, 0x9C	; 156
  18:	70 58       	subi	r23, 0x80	; 128
  1a:	00 63       	ori	r16, 0x30	; 48
  1c:	6c 69       	ori	r22, 0x9C	; 156
  1e:	70 59       	subi	r23, 0x90	; 144
  20:	00 67       	ori	r16, 0x70	; 112
  22:	43 75       	andi	r20, 0x53	; 83
  24:	72 00       	.word	0x0072	; ????
  26:	62 79       	andi	r22, 0x92	; 146
  28:	74 65       	ori	r23, 0x54	; 84
  2a:	00 75       	andi	r16, 0x50	; 80
  2c:	6e 73       	andi	r22, 0x3E	; 62
  2e:	69 67       	ori	r22, 0x79	; 121
  30:	6e 65       	ori	r22, 0x5E	; 94
  32:	64 20       	and	r6, r4
  34:	63 68       	ori	r22, 0x83	; 131
  36:	61 72       	andi	r22, 0x21	; 33
  38:	00 73       	andi	r16, 0x30	; 48
  3a:	68 6f       	ori	r22, 0xF8	; 248
  3c:	72 74       	andi	r23, 0x42	; 66
  3e:	20 75       	andi	r18, 0x50	; 80
  40:	6e 73       	andi	r22, 0x3E	; 62
  42:	69 67       	ori	r22, 0x79	; 121
  44:	6e 65       	ori	r22, 0x5E	; 94
  46:	64 20       	and	r6, r4
  48:	69 6e       	ori	r22, 0xE9	; 233
  4a:	74 00       	.word	0x0074	; ????
  4c:	47 4e       	sbci	r20, 0xE7	; 231
  4e:	55 20       	and	r5, r5
  50:	43 20       	and	r4, r3
  52:	34 2e       	mov	r3, r20
  54:	33 2e       	mov	r3, r19
  56:	33 00       	.word	0x0033	; ????
  58:	62 75       	andi	r22, 0x52	; 82
  5a:	66 66       	ori	r22, 0x66	; 102
  5c:	00 6d       	ori	r16, 0xD0	; 208
  5e:	61 69       	ori	r22, 0x91	; 145
  60:	6e 00       	.word	0x006e	; ????
  62:	64 75       	andi	r22, 0x54	; 84
  64:	6d 70       	andi	r22, 0x0D	; 13
  66:	49 74       	andi	r20, 0x49	; 73
  68:	00 44       	sbci	r16, 0x40	; 64
  6a:	75 6d       	ori	r23, 0xD5	; 213
  6c:	70 33       	cpi	r23, 0x30	; 48
  6e:	00 6c       	ori	r16, 0xC0	; 192
  70:	6f 6e       	ori	r22, 0xEF	; 239
  72:	67 20       	and	r6, r7
  74:	6c 6f       	ori	r22, 0xFC	; 252
  76:	6e 67       	ori	r22, 0x7E	; 126
  78:	20 75       	andi	r18, 0x50	; 80
  7a:	6e 73       	andi	r22, 0x3E	; 62
  7c:	69 67       	ori	r22, 0x79	; 121
  7e:	6e 65       	ori	r22, 0x5E	; 94
  80:	64 20       	and	r6, r4
  82:	69 6e       	ori	r22, 0xE9	; 233
  84:	74 00       	.word	0x0074	; ????
  86:	50 72       	andi	r21, 0x20	; 32
  88:	69 6e       	ori	r22, 0xE9	; 233
  8a:	74 41       	sbci	r23, 0x14	; 20
  8c:	74 00       	.word	0x0074	; ????
  8e:	67 43       	sbci	r22, 0x37	; 55
  90:	75 72       	andi	r23, 0x25	; 37
  92:	58 00       	.word	0x0058	; ????
  94:	67 56       	subi	r22, 0x67	; 103
  96:	69 64       	ori	r22, 0x49	; 73
  98:	65 6f       	ori	r22, 0xF5	; 245
  9a:	42 75       	andi	r20, 0x52	; 82
  9c:	66 66       	ori	r22, 0x66	; 102
  9e:	00 2f       	mov	r16, r16
  a0:	55 73       	andi	r21, 0x35	; 53
  a2:	65 72       	andi	r22, 0x25	; 37
  a4:	73 2f       	mov	r23, r19
  a6:	75 73       	andi	r23, 0x35	; 53
  a8:	65 72       	andi	r22, 0x25	; 37
  aa:	2f 44       	sbci	r18, 0x4F	; 79
  ac:	65 76       	andi	r22, 0x65	; 101
  ae:	50 72       	andi	r21, 0x20	; 32
  b0:	6f 6a       	ori	r22, 0xAF	; 175
  b2:	65 63       	ori	r22, 0x35	; 53
  b4:	74 73       	andi	r23, 0x34	; 52
  b6:	2f 6e       	ori	r18, 0xEF	; 239
  b8:	69 63       	ori	r22, 0x39	; 57
  ba:	68 65       	ori	r22, 0x58	; 88
  bc:	6d 61       	ori	r22, 0x1D	; 29
  be:	63 68       	ori	r22, 0x83	; 131
  c0:	69 6e       	ori	r22, 0xE9	; 233
  c2:	65 73       	andi	r22, 0x35	; 53
  c4:	2f 46       	sbci	r18, 0x6F	; 111
  c6:	69 67       	ori	r22, 0x79	; 121
  c8:	4c 65       	ori	r20, 0x5C	; 92
  ca:	74 2f       	mov	r23, r20
  cc:	50 72       	andi	r21, 0x20	; 32
  ce:	6f 6a       	ori	r22, 0xAF	; 175
  d0:	65 63       	ori	r22, 0x35	; 53
  d2:	74 53       	subi	r23, 0x34	; 52
  d4:	6f 75       	andi	r22, 0x5F	; 95
  d6:	72 63       	ori	r23, 0x32	; 50
  d8:	65 2f       	mov	r22, r21
  da:	46 69       	ori	r20, 0x96	; 150
  dc:	72 6d       	ori	r23, 0xD2	; 210
  de:	77 61       	ori	r23, 0x17	; 23
  e0:	72 65       	ori	r23, 0x52	; 82
  e2:	2f 44       	sbci	r18, 0x4F	; 79
  e4:	65 62       	ori	r22, 0x25	; 37
  e6:	75 67       	ori	r23, 0x75	; 117
  e8:	2f 42       	sbci	r18, 0x2F	; 47
  ea:	6c 69       	ori	r22, 0x9C	; 156
  ec:	74 74       	andi	r23, 0x44	; 68
  ee:	65 72       	andi	r22, 0x25	; 37
  f0:	00 54       	subi	r16, 0x40	; 64
  f2:	65 73       	andi	r22, 0x35	; 53
  f4:	74 42       	sbci	r23, 0x24	; 36
  f6:	6c 69       	ori	r22, 0x9C	; 156
  f8:	74 43       	sbci	r23, 0x34	; 52
  fa:	6c 69       	ori	r22, 0x9C	; 156
  fc:	70 00       	.word	0x0070	; ????
  fe:	6c 6f       	ori	r22, 0xFC	; 252
 100:	6e 67       	ori	r22, 0x7E	; 126
 102:	20 6c       	ori	r18, 0xC0	; 192
 104:	6f 6e       	ori	r22, 0xEF	; 239
 106:	67 20       	and	r6, r7
 108:	69 6e       	ori	r22, 0xE9	; 233
 10a:	74 00       	.word	0x0074	; ????
 10c:	75 73       	andi	r23, 0x35	; 53
 10e:	68 6f       	ori	r22, 0xF8	; 248
 110:	72 74       	andi	r23, 0x42	; 66
 112:	00 6d       	ori	r16, 0xD0	; 208
 114:	61 69       	ori	r22, 0x91	; 145
 116:	6e 2e       	mov	r6, r30
 118:	63 00       	.word	0x0063	; ????
 11a:	44 75       	andi	r20, 0x54	; 84
 11c:	6d 70       	andi	r22, 0x0D	; 13
 11e:	00 67       	ori	r16, 0x70	; 112
 120:	53 79       	andi	r21, 0x93	; 147
 122:	73 56       	subi	r23, 0x63	; 99
 124:	61 72       	andi	r22, 0x21	; 33
 126:	73 00       	.word	0x0073	; ????
 128:	73 74       	andi	r23, 0x43	; 67
 12a:	61 63       	ori	r22, 0x31	; 49
 12c:	6b 46       	sbci	r22, 0x6B	; 107
 12e:	72 61       	ori	r23, 0x12	; 18
 130:	6d 65       	ori	r22, 0x5D	; 93
 132:	00 67       	ori	r16, 0x70	; 112
 134:	4b 53       	subi	r20, 0x3B	; 59
 136:	63 61       	ori	r22, 0x13	; 19
 138:	6e 00       	.word	0x006e	; ????

Disassembly of section .debug_loc:

00000000 <.debug_loc>:
   0:	00 00       	nop
   2:	00 00       	nop
   4:	06 00       	.word	0x0006	; ????
   6:	00 00       	nop
   8:	01 00       	.word	0x0001	; ????
   a:	68 06       	cpc	r6, r24
   c:	00 00       	nop
   e:	00 26       	eor	r0, r16
  10:	00 00       	nop
  12:	00 01       	movw	r0, r0
  14:	00 62       	ori	r16, 0x20	; 32
	...
  1e:	30 00       	.word	0x0030	; ????
  20:	00 00       	nop
  22:	46 00       	.word	0x0046	; ????
  24:	00 00       	nop
  26:	06 00       	.word	0x0006	; ????
  28:	68 93       	.word	0x9368	; ????
  2a:	01 69       	ori	r16, 0x91	; 145
  2c:	93 01       	movw	r18, r6
  2e:	46 00       	.word	0x0046	; ????
  30:	00 00       	nop
  32:	64 00       	.word	0x0064	; ????
  34:	00 00       	nop
  36:	06 00       	.word	0x0006	; ????
  38:	60 93 01 61 	sts	0x6101, r22
  3c:	93 01       	movw	r18, r6
	...
  46:	30 00       	.word	0x0030	; ????
  48:	00 00       	nop
  4a:	48 00       	.word	0x0048	; ????
  4c:	00 00       	nop
  4e:	06 00       	.word	0x0006	; ????
  50:	66 93       	.word	0x9366	; ????
  52:	01 67       	ori	r16, 0x71	; 113
  54:	93 01       	movw	r18, r6
  56:	48 00       	.word	0x0048	; ????
  58:	00 00       	nop
  5a:	68 00       	.word	0x0068	; ????
  5c:	00 00       	nop
  5e:	06 00       	.word	0x0006	; ????
  60:	5e 93       	st	-X, r21
  62:	01 5f       	subi	r16, 0xF1	; 241
  64:	93 01       	movw	r18, r6
	...
  6e:	30 00       	.word	0x0030	; ????
  70:	00 00       	nop
  72:	48 00       	.word	0x0048	; ????
  74:	00 00       	nop
  76:	06 00       	.word	0x0006	; ????
  78:	64 93       	.word	0x9364	; ????
  7a:	01 65       	ori	r16, 0x51	; 81
  7c:	93 01       	movw	r18, r6
  7e:	48 00       	.word	0x0048	; ????
  80:	00 00       	nop
  82:	6c 00       	.word	0x006c	; ????
  84:	00 00       	nop
  86:	06 00       	.word	0x0006	; ????
  88:	5c 93       	st	X, r21
  8a:	01 5d       	subi	r16, 0xD1	; 209
  8c:	93 01       	movw	r18, r6
	...
  96:	78 00       	.word	0x0078	; ????
  98:	00 00       	nop
  9a:	7e 00       	.word	0x007e	; ????
  9c:	00 00       	nop
  9e:	06 00       	.word	0x0006	; ????
  a0:	6c 93       	st	X, r22
  a2:	01 6d       	ori	r16, 0xD1	; 209
  a4:	93 01       	movw	r18, r6
  a6:	7e 00       	.word	0x007e	; ????
  a8:	00 00       	nop
  aa:	94 00       	.word	0x0094	; ????
  ac:	00 00       	nop
  ae:	06 00       	.word	0x0006	; ????
  b0:	6e 93       	st	-X, r22
  b2:	01 6f       	ori	r16, 0xF1	; 241
  b4:	93 01       	movw	r18, r6
  b6:	94 00       	.word	0x0094	; ????
  b8:	00 00       	nop
  ba:	ba 00       	.word	0x00ba	; ????
  bc:	00 00       	nop
  be:	06 00       	.word	0x0006	; ????
  c0:	6c 93       	st	X, r22
  c2:	01 6d       	ori	r16, 0xD1	; 209
  c4:	93 01       	movw	r18, r6
	...
  ce:	9c 00       	.word	0x009c	; ????
  d0:	00 00       	nop
  d2:	bc 00       	.word	0x00bc	; ????
  d4:	00 00       	nop
  d6:	01 00       	.word	0x0001	; ????
  d8:	61 00       	.word	0x0061	; ????
  da:	00 00       	nop
  dc:	00 00       	nop
  de:	00 00       	nop
	...
